[I] No git repository info found. Trying to interpret VERSION_INFO
[I] The XrdVersion.hh file already exists
-- Processing: //home/diagoras/root_cern/root/builddir/share/man/man1/lzcat.1
-- Processing: //home/diagoras/root_cern/root/builddir/share/man/man1/lzcmp.1
-- Processing: //home/diagoras/root_cern/root/builddir/share/man/man1/lzdiff.1
-- Processing: //home/diagoras/root_cern/root/builddir/share/man/man1/lzegrep.1
-- Processing: //home/diagoras/root_cern/root/builddir/share/man/man1/lzfgrep.1
-- Processing: //home/diagoras/root_cern/root/builddir/share/man/man1/lzgrep.1
-- Processing: //home/diagoras/root_cern/root/builddir/share/man/man1/lzless.1
-- Processing: //home/diagoras/root_cern/root/builddir/share/man/man1/lzma.1
-- Processing: //home/diagoras/root_cern/root/builddir/share/man/man1/lzmadec.1
-- Processing: //home/diagoras/root_cern/root/builddir/share/man/man1/lzmainfo.1
-- Processing: //home/diagoras/root_cern/root/builddir/share/man/man1/lzmore.1
-- Processing: //home/diagoras/root_cern/root/builddir/share/man/man1/unlzma.1
-- Processing: //home/diagoras/root_cern/root/builddir/share/man/man1/unxz.1
-- Processing: //home/diagoras/root_cern/root/builddir/share/man/man1/xprep.1
-- Processing: //home/diagoras/root_cern/root/builddir/share/man/man1/xrd.1
-- Processing: //home/diagoras/root_cern/root/builddir/share/man/man1/xrdadler32.1
-- Processing: //home/diagoras/root_cern/root/builddir/share/man/man1/xrdcp-old.1
-- Processing: //home/diagoras/root_cern/root/builddir/share/man/man1/xrdgsiproxy.1
-- Processing: //home/diagoras/root_cern/root/builddir/share/man/man1/xrdgsitest.1
-- Processing: //home/diagoras/root_cern/root/builddir/share/man/man1/xrdstagetool.1
-- Processing: //home/diagoras/root_cern/root/builddir/share/man/man1/xz.1
-- Processing: //home/diagoras/root_cern/root/builddir/share/man/man1/xzcat.1
-- Processing: //home/diagoras/root_cern/root/builddir/share/man/man1/xzcmp.1
-- Processing: //home/diagoras/root_cern/root/builddir/share/man/man1/xzdec.1
-- Processing: //home/diagoras/root_cern/root/builddir/share/man/man1/xzdiff.1
-- Processing: //home/diagoras/root_cern/root/builddir/share/man/man1/xzegrep.1
-- Processing: //home/diagoras/root_cern/root/builddir/share/man/man1/xzfgrep.1
-- Processing: //home/diagoras/root_cern/root/builddir/share/man/man1/xzgrep.1
-- Processing: //home/diagoras/root_cern/root/builddir/share/man/man1/xzless.1
-- Processing: //home/diagoras/root_cern/root/builddir/share/man/man1/xzmore.1
-- Processing: //home/diagoras/root_cern/root/builddir/share/man/man8/cmsd.8
-- Processing: //home/diagoras/root_cern/root/builddir/share/man/man8/frm_admin.8
-- Processing: //home/diagoras/root_cern/root/builddir/share/man/man8/frm_purged.8
-- Processing: //home/diagoras/root_cern/root/builddir/share/man/man8/frm_xfragent.8
-- Processing: //home/diagoras/root_cern/root/builddir/share/man/man8/frm_xfrd.8
-- Processing: //home/diagoras/root_cern/root/builddir/share/man/man8/mpxstats.8
-- Processing: //home/diagoras/root_cern/root/builddir/share/man/man8/xrdpfc_print.8
-- Processing: //home/diagoras/root_cern/root/builddir/share/man/man8/xrdpwdadmin.8
-- Processing: //home/diagoras/root_cern/root/builddir/share/man/man8/xrdsssadmin.8
-- Processing: //home/diagoras/root_cern/root/builddir/share/man/man8/xrootd.8
-- Processing: //home/diagoras/root_cern/root/builddir/share/man/man1/xrdfs.1
-- Processing: //home/diagoras/root_cern/root/builddir/share/man/man1/xrdcp.1
-- Processing: //home/diagoras/root_cern/root/builddir/share/man/man1/xrdmapc.1
