checking for gcc... /usr/bin/cc
checking for C compiler default output file name... a.out
checking whether the C compiler works... yes
checking whether we are cross compiling... no
checking for suffix of executables... 
checking for suffix of object files... o
checking whether we are using the GNU C compiler... yes
checking whether /usr/bin/cc accepts -g... yes
checking for /usr/bin/cc option to accept ANSI C... none needed
checking whether ln -s works... yes
checking build system type... x86_64-unknown-linux-gnu
checking host system type... x86_64-unknown-linux-gnu
checking target system type... x86_64-unknown-linux-gnu
checking for a BSD-compatible install... /usr/bin/install -c
checking for ranlib... ranlib
checking for rm... /usr/bin/rm
checking for mv... /usr/bin/mv
checking for cp... /usr/bin/cp
checking for mkdir... /usr/bin/mkdir
checking for perl... /usr/bin/perl
checking for find... /usr/bin/find
checking for xargs... /usr/bin/xargs
checking for ldconfig... /usr/sbin/ldconfig
checking for MMX support... yes
checking how to run the C preprocessor... /usr/bin/cc -E
checking for X... libraries , headers in standard search path
checking for gethostbyname... yes
checking for connect... yes
checking for remove... yes
checking for shmat... yes
checking for IceConnectionNumber in -lICE... no
checking for XOpenDisplay in -lX11... yes
checking whether byte ordering is bigendian... no
checking for inline... inline
checking for egrep... grep -E
checking for ANSI C header files... yes
checking for sys/types.h... yes
checking for sys/stat.h... yes
checking for stdlib.h... yes
checking for string.h... yes
checking for memory.h... yes
checking for strings.h... yes
checking for inttypes.h... yes
checking for stdint.h... yes
checking for unistd.h... yes
checking for long long... yes
checking whether time.h and sys/time.h may both be included... yes
checking sys/wait.h usability... yes
checking sys/wait.h presence... yes
checking for sys/wait.h... yes
checking sys/time.h usability... yes
checking sys/time.h presence... yes
checking for sys/time.h... yes
checking malloc.h usability... yes
checking malloc.h presence... yes
checking for malloc.h... yes
checking for stdlib.h... (cached) yes
checking for unistd.h... (cached) yes
checking stddef.h usability... yes
checking stddef.h presence... yes
checking for stddef.h... yes
checking stdarg.h usability... yes
checking stdarg.h presence... yes
checking for stdarg.h... yes
checking errno.h usability... yes
checking errno.h presence... yes
checking for errno.h... yes
checking for XShapeCombineMask in -lXext... yes
checking built-in JPEG library... yes
checking for unsigned char... yes
checking for unsigned short... yes
checking for an ANSI C-conforming const... yes
checking whether char is unsigned... no
checking png.h usability... yes
checking png.h presence... yes
checking for png.h... yes
checking zlib.h usability... yes
checking zlib.h presence... yes
checking for zlib.h... yes
checking for png_get_sRGB in png.h... yes
checking using built-in UNGIF library... yes
checking headers required by TTF support... none found
You have to install FreeType libary in order to be able to use TTF fonts.
checking libAfterBase... disabled
checking for dirent.h that defines DIR... yes
checking for library containing opendir... none required
checking sys/dirent.h usability... no
checking sys/dirent.h presence... no
checking for sys/dirent.h... no
configure: creating ./config.status
config.status: creating Makefile
config.status: creating afterbase.h
config.status: creating afterimage-libs
config.status: creating afterimage-config
config.status: creating config.h
