This file contains any messages produced by compilers while
running configure, to aid debugging if configure makes a mistake.

It was created by libAfterImage configure 1.20, which was
generated by GNU Autoconf 2.59.  Invocation command line was

  $ ./configure --prefix /home/diagoras/root_cern/root/builddir --libdir=/home/diagoras/root_cern/root/builddir/lib --with-ttf --with-afterbase=no --without-svg --disable-glx --with-builtin-ungif --with-jpeg --with-builtin-jpeg --with-png --with-png-includes=/usr/include --with-tiff=no CC=/usr/bin/cc CFLAGS=

## --------- ##
## Platform. ##
## --------- ##

hostname = enterprise
uname -m = x86_64
uname -r = 5.8.0-45-generic
uname -s = Linux
uname -v = #51~20.04.1-Ubuntu SMP Tue Feb 23 13:46:31 UTC 2021

/usr/bin/uname -p = x86_64
/bin/uname -X     = unknown

/bin/arch              = x86_64
/usr/bin/arch -k       = unknown
/usr/convex/getsysinfo = unknown
hostinfo               = unknown
/bin/machine           = unknown
/usr/bin/oslevel       = unknown
/bin/universe          = unknown

PATH: /home/diagoras/miniconda3/bin
PATH: /home/diagoras/miniconda3/condabin
PATH: /usr/local/sbin
PATH: /usr/local/bin
PATH: /usr/sbin
PATH: /usr/bin
PATH: /sbin
PATH: /bin
PATH: /usr/games
PATH: /usr/local/games
PATH: /snap/bin


## ----------- ##
## Core tests. ##
## ----------- ##

configure:1645: checking for gcc
configure:1671: result: /usr/bin/cc
configure:1915: checking for C compiler version
configure:1918: /usr/bin/cc --version </dev/null >&5
cc (Ubuntu 9.3.0-17ubuntu1~20.04) 9.3.0
Copyright (C) 2019 Free Software Foundation, Inc.
This is free software; see the source for copying conditions.  There is NO
warranty; not even for MERCHANTABILITY or FITNESS FOR A PARTICULAR PURPOSE.

configure:1921: $? = 0
configure:1923: /usr/bin/cc -v </dev/null >&5
Using built-in specs.
COLLECT_GCC=/usr/bin/cc
COLLECT_LTO_WRAPPER=/usr/lib/gcc/x86_64-linux-gnu/9/lto-wrapper
OFFLOAD_TARGET_NAMES=nvptx-none:hsa
OFFLOAD_TARGET_DEFAULT=1
Target: x86_64-linux-gnu
Configured with: ../src/configure -v --with-pkgversion='Ubuntu 9.3.0-17ubuntu1~20.04' --with-bugurl=file:///usr/share/doc/gcc-9/README.Bugs --enable-languages=c,ada,c++,go,brig,d,fortran,objc,obj-c++,gm2 --prefix=/usr --with-gcc-major-version-only --program-suffix=-9 --program-prefix=x86_64-linux-gnu- --enable-shared --enable-linker-build-id --libexecdir=/usr/lib --without-included-gettext --enable-threads=posix --libdir=/usr/lib --enable-nls --enable-clocale=gnu --enable-libstdcxx-debug --enable-libstdcxx-time=yes --with-default-libstdcxx-abi=new --enable-gnu-unique-object --disable-vtable-verify --enable-plugin --enable-default-pie --with-system-zlib --with-target-system-zlib=auto --enable-objc-gc=auto --enable-multiarch --disable-werror --with-arch-32=i686 --with-abi=m64 --with-multilib-list=m32,m64,mx32 --enable-multilib --with-tune=generic --enable-offload-targets=nvptx-none=/build/gcc-9-HskZEa/gcc-9-9.3.0/debian/tmp-nvptx/usr,hsa --without-cuda-driver --enable-checking=release --build=x86_64-linux-gnu --host=x86_64-linux-gnu --target=x86_64-linux-gnu
Thread model: posix
gcc version 9.3.0 (Ubuntu 9.3.0-17ubuntu1~20.04) 
configure:1926: $? = 0
configure:1928: /usr/bin/cc -V </dev/null >&5
cc: error: unrecognized command line option '-V'
cc: fatal error: no input files
compilation terminated.
configure:1931: $? = 1
configure:1954: checking for C compiler default output file name
configure:1957: /usr/bin/cc    conftest.c  >&5
configure:1960: $? = 0
configure:2006: result: a.out
configure:2011: checking whether the C compiler works
configure:2017: ./a.out
configure:2020: $? = 0
configure:2037: result: yes
configure:2044: checking whether we are cross compiling
configure:2046: result: no
configure:2049: checking for suffix of executables
configure:2051: /usr/bin/cc -o conftest    conftest.c  >&5
configure:2054: $? = 0
configure:2079: result: 
configure:2085: checking for suffix of object files
configure:2106: /usr/bin/cc -c   conftest.c >&5
configure:2109: $? = 0
configure:2131: result: o
configure:2135: checking whether we are using the GNU C compiler
configure:2159: /usr/bin/cc -c   conftest.c >&5
configure:2165: $? = 0
configure:2168: test -z 			 || test ! -s conftest.err
configure:2171: $? = 0
configure:2174: test -s conftest.o
configure:2177: $? = 0
configure:2190: result: yes
configure:2196: checking whether /usr/bin/cc accepts -g
configure:2217: /usr/bin/cc -c -g  conftest.c >&5
configure:2223: $? = 0
configure:2226: test -z 			 || test ! -s conftest.err
configure:2229: $? = 0
configure:2232: test -s conftest.o
configure:2235: $? = 0
configure:2246: result: yes
configure:2263: checking for /usr/bin/cc option to accept ANSI C
configure:2333: /usr/bin/cc  -c   conftest.c >&5
configure:2339: $? = 0
configure:2342: test -z 			 || test ! -s conftest.err
configure:2345: $? = 0
configure:2348: test -s conftest.o
configure:2351: $? = 0
configure:2369: result: none needed
configure:2387: /usr/bin/cc -c   conftest.c >&5
conftest.c:2:3: error: unknown type name 'choke'
    2 |   choke me
      |   ^~~~~
conftest.c:2:3: error: expected '=', ',', ';', 'asm' or '__attribute__' at end of input
configure:2393: $? = 1
configure: failed program was:
| #ifndef __cplusplus
|   choke me
| #endif
configure:2523: checking whether ln -s works
configure:2527: result: yes
configure:2567: checking build system type
configure:2585: result: x86_64-unknown-linux-gnu
configure:2593: checking host system type
configure:2607: result: x86_64-unknown-linux-gnu
configure:2620: checking target system type
configure:2634: result: x86_64-unknown-linux-gnu
configure:2765: checking for a BSD-compatible install
configure:2820: result: /usr/bin/install -c
configure:2878: checking for ranlib
configure:2894: found /usr/bin/ranlib
configure:2905: result: ranlib
configure:2919: checking for rm
configure:2937: found /usr/bin/rm
configure:2950: result: /usr/bin/rm
configure:2959: checking for mv
configure:2977: found /usr/bin/mv
configure:2990: result: /usr/bin/mv
configure:2999: checking for cp
configure:3017: found /usr/bin/cp
configure:3030: result: /usr/bin/cp
configure:3039: checking for mkdir
configure:3057: found /usr/bin/mkdir
configure:3070: result: /usr/bin/mkdir
configure:3079: checking for perl
configure:3097: found /usr/bin/perl
configure:3110: result: /usr/bin/perl
configure:3119: checking for find
configure:3137: found /usr/bin/find
configure:3150: result: /usr/bin/find
configure:3159: checking for xargs
configure:3177: found /usr/bin/xargs
configure:3190: result: /usr/bin/xargs
configure:3199: checking for ldconfig
configure:3218: found /usr/sbin/ldconfig
configure:3231: result: /usr/sbin/ldconfig
configure:3255: checking for MMX support
configure:3276: /usr/bin/cc -c -O3 -DNO_DEBUG_OUTPUT -fPIC -mmmx  conftest.c >&5
configure:3282: $? = 0
configure:3285: test -z 			 || test ! -s conftest.err
configure:3288: $? = 0
configure:3291: test -s conftest.o
configure:3294: $? = 0
configure:3304: result: yes
configure:3327: checking how to run the C preprocessor
configure:3362: /usr/bin/cc -E  conftest.c
configure:3368: $? = 0
configure:3400: /usr/bin/cc -E  conftest.c
conftest.c:10:10: fatal error: ac_nonexistent.h: No such file or directory
   10 | #include <ac_nonexistent.h>
      |          ^~~~~~~~~~~~~~~~~~
compilation terminated.
configure:3406: $? = 1
configure: failed program was:
| /* confdefs.h.  */
| 
| #define PACKAGE_NAME "libAfterImage"
| #define PACKAGE_TARNAME "libAfterImage.tar"
| #define PACKAGE_VERSION "1.20"
| #define PACKAGE_STRING "libAfterImage 1.20"
| #define PACKAGE_BUGREPORT "as-bugs@afterstep.org"
| #define HAVE_MMX 1
| /* end confdefs.h.  */
| #include <ac_nonexistent.h>
configure:3445: result: /usr/bin/cc -E
configure:3469: /usr/bin/cc -E  conftest.c
configure:3475: $? = 0
configure:3507: /usr/bin/cc -E  conftest.c
conftest.c:10:10: fatal error: ac_nonexistent.h: No such file or directory
   10 | #include <ac_nonexistent.h>
      |          ^~~~~~~~~~~~~~~~~~
compilation terminated.
configure:3513: $? = 1
configure: failed program was:
| /* confdefs.h.  */
| 
| #define PACKAGE_NAME "libAfterImage"
| #define PACKAGE_TARNAME "libAfterImage.tar"
| #define PACKAGE_VERSION "1.20"
| #define PACKAGE_STRING "libAfterImage 1.20"
| #define PACKAGE_BUGREPORT "as-bugs@afterstep.org"
| #define HAVE_MMX 1
| /* end confdefs.h.  */
| #include <ac_nonexistent.h>
configure:3559: checking for X
configure:3665: /usr/bin/cc -E  conftest.c
configure:3671: $? = 0
configure:3721: /usr/bin/cc -o conftest -O3 -DNO_DEBUG_OUTPUT -fPIC   conftest.c -lX11  >&5
configure:3727: $? = 0
configure:3730: test -z 			 || test ! -s conftest.err
configure:3733: $? = 0
configure:3736: test -s conftest
configure:3739: $? = 0
configure:3793: result: libraries , headers in standard search path
configure:3964: /usr/bin/cc -o conftest -O3 -DNO_DEBUG_OUTPUT -fPIC   conftest.c   -lX11 >&5
configure:3970: $? = 0
configure:3973: test -z 			 || test ! -s conftest.err
configure:3976: $? = 0
configure:3979: test -s conftest
configure:3982: $? = 0
configure:4138: checking for gethostbyname
configure:4195: /usr/bin/cc -o conftest -O3 -DNO_DEBUG_OUTPUT -fPIC   conftest.c  >&5
configure:4201: $? = 0
configure:4204: test -z 			 || test ! -s conftest.err
configure:4207: $? = 0
configure:4210: test -s conftest
configure:4213: $? = 0
configure:4225: result: yes
configure:4374: checking for connect
configure:4431: /usr/bin/cc -o conftest -O3 -DNO_DEBUG_OUTPUT -fPIC   conftest.c  >&5
configure:4437: $? = 0
configure:4440: test -z 			 || test ! -s conftest.err
configure:4443: $? = 0
configure:4446: test -s conftest
configure:4449: $? = 0
configure:4461: result: yes
configure:4535: checking for remove
configure:4592: /usr/bin/cc -o conftest -O3 -DNO_DEBUG_OUTPUT -fPIC   conftest.c  >&5
configure:4598: $? = 0
configure:4601: test -z 			 || test ! -s conftest.err
configure:4604: $? = 0
configure:4607: test -s conftest
configure:4610: $? = 0
configure:4622: result: yes
configure:4696: checking for shmat
configure:4753: /usr/bin/cc -o conftest -O3 -DNO_DEBUG_OUTPUT -fPIC   conftest.c  >&5
configure:4759: $? = 0
configure:4762: test -z 			 || test ! -s conftest.err
configure:4765: $? = 0
configure:4768: test -s conftest
configure:4771: $? = 0
configure:4783: result: yes
configure:4866: checking for IceConnectionNumber in -lICE
configure:4896: /usr/bin/cc -o conftest -O3 -DNO_DEBUG_OUTPUT -fPIC   conftest.c -lICE   >&5
/usr/bin/ld: cannot find -lICE
collect2: error: ld returned 1 exit status
configure:4902: $? = 1
configure: failed program was:
| /* confdefs.h.  */
| 
| #define PACKAGE_NAME "libAfterImage"
| #define PACKAGE_TARNAME "libAfterImage.tar"
| #define PACKAGE_VERSION "1.20"
| #define PACKAGE_STRING "libAfterImage 1.20"
| #define PACKAGE_BUGREPORT "as-bugs@afterstep.org"
| #define HAVE_MMX 1
| /* end confdefs.h.  */
| 
| /* Override any gcc2 internal prototype to avoid an error.  */
| #ifdef __cplusplus
| extern "C"
| #endif
| /* We use char because int might match the return type of a gcc2
|    builtin and then its argument prototype would still apply.  */
| char IceConnectionNumber ();
| int
| main ()
| {
| IceConnectionNumber ();
|   ;
|   return 0;
| }
configure:4927: result: no
configure:4957: checking for XOpenDisplay in -lX11
configure:4987: /usr/bin/cc -o conftest -O3 -DNO_DEBUG_OUTPUT -fPIC   conftest.c -lX11     >&5
configure:4993: $? = 0
configure:4996: test -z 			 || test ! -s conftest.err
configure:4999: $? = 0
configure:5002: test -s conftest
configure:5005: $? = 0
configure:5018: result: yes
configure:5028: checking whether byte ordering is bigendian
configure:5055: /usr/bin/cc -c -O3 -DNO_DEBUG_OUTPUT -fPIC  conftest.c >&5
configure:5061: $? = 0
configure:5064: test -z 			 || test ! -s conftest.err
configure:5067: $? = 0
configure:5070: test -s conftest.o
configure:5073: $? = 0
configure:5097: /usr/bin/cc -c -O3 -DNO_DEBUG_OUTPUT -fPIC  conftest.c >&5
conftest.c: In function 'main':
conftest.c:17:2: error: unknown type name 'not'; did you mean 'ino_t'?
   17 |  not big endian
      |  ^~~
      |  ino_t
conftest.c:17:10: error: expected '=', ',', ';', 'asm' or '__attribute__' before 'endian'
   17 |  not big endian
      |          ^~~~~~
configure:5103: $? = 1
configure: failed program was:
| /* confdefs.h.  */
| 
| #define PACKAGE_NAME "libAfterImage"
| #define PACKAGE_TARNAME "libAfterImage.tar"
| #define PACKAGE_VERSION "1.20"
| #define PACKAGE_STRING "libAfterImage 1.20"
| #define PACKAGE_BUGREPORT "as-bugs@afterstep.org"
| #define HAVE_MMX 1
| /* end confdefs.h.  */
| #include <sys/types.h>
| #include <sys/param.h>
| 
| int
| main ()
| {
| #if BYTE_ORDER != BIG_ENDIAN
|  not big endian
| #endif
| 
|   ;
|   return 0;
| }
configure:5236: result: no
configure:5255: checking for inline
configure:5276: /usr/bin/cc -c -O3 -DNO_DEBUG_OUTPUT -fPIC  conftest.c >&5
configure:5282: $? = 0
configure:5285: test -z 			 || test ! -s conftest.err
configure:5288: $? = 0
configure:5291: test -s conftest.o
configure:5294: $? = 0
configure:5306: result: inline
configure:5325: checking for egrep
configure:5335: result: grep -E
configure:5340: checking for ANSI C header files
configure:5365: /usr/bin/cc -c -O3 -DNO_DEBUG_OUTPUT -fPIC  conftest.c >&5
configure:5371: $? = 0
configure:5374: test -z 			 || test ! -s conftest.err
configure:5377: $? = 0
configure:5380: test -s conftest.o
configure:5383: $? = 0
configure:5472: /usr/bin/cc -o conftest -O3 -DNO_DEBUG_OUTPUT -fPIC   conftest.c  >&5
conftest.c: In function 'main':
conftest.c:27:7: warning: implicit declaration of function 'exit' [-Wimplicit-function-declaration]
   27 |       exit(2);
      |       ^~~~
conftest.c:27:7: warning: incompatible implicit declaration of built-in function 'exit'
conftest.c:11:1: note: include '<stdlib.h>' or provide a declaration of 'exit'
   10 | #include <ctype.h>
  +++ |+#include <stdlib.h>
   11 | #if ((' ' & 0x0FF) == 0x020)
conftest.c:28:3: warning: incompatible implicit declaration of built-in function 'exit'
   28 |   exit (0);
      |   ^~~~
conftest.c:28:3: note: include '<stdlib.h>' or provide a declaration of 'exit'
configure:5475: $? = 0
configure:5477: ./conftest
configure:5480: $? = 0
configure:5495: result: yes
configure:5519: checking for sys/types.h
configure:5535: /usr/bin/cc -c -O3 -DNO_DEBUG_OUTPUT -fPIC  conftest.c >&5
configure:5541: $? = 0
configure:5544: test -z 			 || test ! -s conftest.err
configure:5547: $? = 0
configure:5550: test -s conftest.o
configure:5553: $? = 0
configure:5564: result: yes
configure:5519: checking for sys/stat.h
configure:5535: /usr/bin/cc -c -O3 -DNO_DEBUG_OUTPUT -fPIC  conftest.c >&5
configure:5541: $? = 0
configure:5544: test -z 			 || test ! -s conftest.err
configure:5547: $? = 0
configure:5550: test -s conftest.o
configure:5553: $? = 0
configure:5564: result: yes
configure:5519: checking for stdlib.h
configure:5535: /usr/bin/cc -c -O3 -DNO_DEBUG_OUTPUT -fPIC  conftest.c >&5
configure:5541: $? = 0
configure:5544: test -z 			 || test ! -s conftest.err
configure:5547: $? = 0
configure:5550: test -s conftest.o
configure:5553: $? = 0
configure:5564: result: yes
configure:5519: checking for string.h
configure:5535: /usr/bin/cc -c -O3 -DNO_DEBUG_OUTPUT -fPIC  conftest.c >&5
configure:5541: $? = 0
configure:5544: test -z 			 || test ! -s conftest.err
configure:5547: $? = 0
configure:5550: test -s conftest.o
configure:5553: $? = 0
configure:5564: result: yes
configure:5519: checking for memory.h
configure:5535: /usr/bin/cc -c -O3 -DNO_DEBUG_OUTPUT -fPIC  conftest.c >&5
configure:5541: $? = 0
configure:5544: test -z 			 || test ! -s conftest.err
configure:5547: $? = 0
configure:5550: test -s conftest.o
configure:5553: $? = 0
configure:5564: result: yes
configure:5519: checking for strings.h
configure:5535: /usr/bin/cc -c -O3 -DNO_DEBUG_OUTPUT -fPIC  conftest.c >&5
configure:5541: $? = 0
configure:5544: test -z 			 || test ! -s conftest.err
configure:5547: $? = 0
configure:5550: test -s conftest.o
configure:5553: $? = 0
configure:5564: result: yes
configure:5519: checking for inttypes.h
configure:5535: /usr/bin/cc -c -O3 -DNO_DEBUG_OUTPUT -fPIC  conftest.c >&5
configure:5541: $? = 0
configure:5544: test -z 			 || test ! -s conftest.err
configure:5547: $? = 0
configure:5550: test -s conftest.o
configure:5553: $? = 0
configure:5564: result: yes
configure:5519: checking for stdint.h
configure:5535: /usr/bin/cc -c -O3 -DNO_DEBUG_OUTPUT -fPIC  conftest.c >&5
configure:5541: $? = 0
configure:5544: test -z 			 || test ! -s conftest.err
configure:5547: $? = 0
configure:5550: test -s conftest.o
configure:5553: $? = 0
configure:5564: result: yes
configure:5519: checking for unistd.h
configure:5535: /usr/bin/cc -c -O3 -DNO_DEBUG_OUTPUT -fPIC  conftest.c >&5
configure:5541: $? = 0
configure:5544: test -z 			 || test ! -s conftest.err
configure:5547: $? = 0
configure:5550: test -s conftest.o
configure:5553: $? = 0
configure:5564: result: yes
configure:5576: checking for long long
configure:5600: /usr/bin/cc -c -O3 -DNO_DEBUG_OUTPUT -fPIC  conftest.c >&5
configure:5606: $? = 0
configure:5609: test -z 			 || test ! -s conftest.err
configure:5612: $? = 0
configure:5615: test -s conftest.o
configure:5618: $? = 0
configure:5629: result: yes
configure:5641: checking whether time.h and sys/time.h may both be included
configure:5666: /usr/bin/cc -c -O3 -DNO_DEBUG_OUTPUT -fPIC  conftest.c >&5
configure:5672: $? = 0
configure:5675: test -z 			 || test ! -s conftest.err
configure:5678: $? = 0
configure:5681: test -s conftest.o
configure:5684: $? = 0
configure:5695: result: yes
configure:5726: checking sys/wait.h usability
configure:5738: /usr/bin/cc -c -O3 -DNO_DEBUG_OUTPUT -fPIC  conftest.c >&5
configure:5744: $? = 0
configure:5747: test -z 			 || test ! -s conftest.err
configure:5750: $? = 0
configure:5753: test -s conftest.o
configure:5756: $? = 0
configure:5766: result: yes
configure:5770: checking sys/wait.h presence
configure:5780: /usr/bin/cc -E  conftest.c
configure:5786: $? = 0
configure:5806: result: yes
configure:5841: checking for sys/wait.h
configure:5848: result: yes
configure:5726: checking sys/time.h usability
configure:5738: /usr/bin/cc -c -O3 -DNO_DEBUG_OUTPUT -fPIC  conftest.c >&5
configure:5744: $? = 0
configure:5747: test -z 			 || test ! -s conftest.err
configure:5750: $? = 0
configure:5753: test -s conftest.o
configure:5756: $? = 0
configure:5766: result: yes
configure:5770: checking sys/time.h presence
configure:5780: /usr/bin/cc -E  conftest.c
configure:5786: $? = 0
configure:5806: result: yes
configure:5841: checking for sys/time.h
configure:5848: result: yes
configure:5726: checking malloc.h usability
configure:5738: /usr/bin/cc -c -O3 -DNO_DEBUG_OUTPUT -fPIC  conftest.c >&5
configure:5744: $? = 0
configure:5747: test -z 			 || test ! -s conftest.err
configure:5750: $? = 0
configure:5753: test -s conftest.o
configure:5756: $? = 0
configure:5766: result: yes
configure:5770: checking malloc.h presence
configure:5780: /usr/bin/cc -E  conftest.c
configure:5786: $? = 0
configure:5806: result: yes
configure:5841: checking for malloc.h
configure:5848: result: yes
configure:5717: checking for stdlib.h
configure:5722: result: yes
configure:5717: checking for unistd.h
configure:5722: result: yes
configure:5726: checking stddef.h usability
configure:5738: /usr/bin/cc -c -O3 -DNO_DEBUG_OUTPUT -fPIC  conftest.c >&5
configure:5744: $? = 0
configure:5747: test -z 			 || test ! -s conftest.err
configure:5750: $? = 0
configure:5753: test -s conftest.o
configure:5756: $? = 0
configure:5766: result: yes
configure:5770: checking stddef.h presence
configure:5780: /usr/bin/cc -E  conftest.c
configure:5786: $? = 0
configure:5806: result: yes
configure:5841: checking for stddef.h
configure:5848: result: yes
configure:5726: checking stdarg.h usability
configure:5738: /usr/bin/cc -c -O3 -DNO_DEBUG_OUTPUT -fPIC  conftest.c >&5
configure:5744: $? = 0
configure:5747: test -z 			 || test ! -s conftest.err
configure:5750: $? = 0
configure:5753: test -s conftest.o
configure:5756: $? = 0
configure:5766: result: yes
configure:5770: checking stdarg.h presence
configure:5780: /usr/bin/cc -E  conftest.c
configure:5786: $? = 0
configure:5806: result: yes
configure:5841: checking for stdarg.h
configure:5848: result: yes
configure:5726: checking errno.h usability
configure:5738: /usr/bin/cc -c -O3 -DNO_DEBUG_OUTPUT -fPIC  conftest.c >&5
configure:5744: $? = 0
configure:5747: test -z 			 || test ! -s conftest.err
configure:5750: $? = 0
configure:5753: test -s conftest.o
configure:5756: $? = 0
configure:5766: result: yes
configure:5770: checking errno.h presence
configure:5780: /usr/bin/cc -E  conftest.c
configure:5786: $? = 0
configure:5806: result: yes
configure:5841: checking for errno.h
configure:5848: result: yes
configure:6234: checking for XShapeCombineMask in -lXext
configure:6264: /usr/bin/cc -o conftest -O3 -DNO_DEBUG_OUTPUT -fPIC   conftest.c -lXext     >&5
configure:6270: $? = 0
configure:6273: test -z 			 || test ! -s conftest.err
configure:6276: $? = 0
configure:6279: test -s conftest
configure:6282: $? = 0
configure:6295: result: yes
configure:6886: checking built-in JPEG library
configure:6900: result: yes
configure:6916: checking for unsigned char
configure:6940: /usr/bin/cc -c -O3 -DNO_DEBUG_OUTPUT -fPIC  conftest.c >&5
configure:6946: $? = 0
configure:6949: test -z 			 || test ! -s conftest.err
configure:6952: $? = 0
configure:6955: test -s conftest.o
configure:6958: $? = 0
configure:6969: result: yes
configure:6972: checking for unsigned short
configure:6996: /usr/bin/cc -c -O3 -DNO_DEBUG_OUTPUT -fPIC  conftest.c >&5
configure:7002: $? = 0
configure:7005: test -z 			 || test ! -s conftest.err
configure:7008: $? = 0
configure:7011: test -s conftest.o
configure:7014: $? = 0
configure:7025: result: yes
configure:7028: checking for an ANSI C-conforming const
configure:7095: /usr/bin/cc -c -O3 -DNO_DEBUG_OUTPUT -fPIC  conftest.c >&5
configure:7101: $? = 0
configure:7104: test -z 			 || test ! -s conftest.err
configure:7107: $? = 0
configure:7110: test -s conftest.o
configure:7113: $? = 0
configure:7124: result: yes
configure:7135: checking whether char is unsigned
configure:7158: /usr/bin/cc -c -O3 -DNO_DEBUG_OUTPUT -fPIC  conftest.c >&5
configure:7164: $? = 0
configure:7167: test -z 			 || test ! -s conftest.err
configure:7170: $? = 0
configure:7173: test -s conftest.o
configure:7176: $? = 0
configure:7187: result: no
configure:7226: checking png.h usability
configure:7238: /usr/bin/cc -c -O3 -DNO_DEBUG_OUTPUT -fPIC  -I/usr/include conftest.c >&5
configure:7244: $? = 0
configure:7247: test -z 			 || test ! -s conftest.err
configure:7250: $? = 0
configure:7253: test -s conftest.o
configure:7256: $? = 0
configure:7266: result: yes
configure:7270: checking png.h presence
configure:7280: /usr/bin/cc -E  -I/usr/include conftest.c
configure:7286: $? = 0
configure:7306: result: yes
configure:7341: checking for png.h
configure:7348: result: yes
configure:7373: checking zlib.h usability
configure:7385: /usr/bin/cc -c -O3 -DNO_DEBUG_OUTPUT -fPIC  -I/usr/include conftest.c >&5
configure:7391: $? = 0
configure:7394: test -z 			 || test ! -s conftest.err
configure:7397: $? = 0
configure:7400: test -s conftest.o
configure:7403: $? = 0
configure:7413: result: yes
configure:7417: checking zlib.h presence
configure:7427: /usr/bin/cc -E  -I/usr/include conftest.c
configure:7433: $? = 0
configure:7453: result: yes
configure:7488: checking for zlib.h
configure:7495: result: yes
configure:7512: checking for png_get_sRGB in png.h
configure:7531: result: yes
configure:7749: checking using built-in UNGIF library
configure:7763: result: yes
configure:8192: checking headers required by TTF support
configure:8594: result: none found
configure:8788: checking libAfterBase
configure:8824: result: disabled
configure:8835: checking for dirent.h that defines DIR
configure:8859: /usr/bin/cc -c -O3 -DNO_DEBUG_OUTPUT -fPIC  conftest.c >&5
configure:8865: $? = 0
configure:8868: test -z 			 || test ! -s conftest.err
configure:8871: $? = 0
configure:8874: test -s conftest.o
configure:8877: $? = 0
configure:8888: result: yes
configure:8901: checking for library containing opendir
configure:8931: /usr/bin/cc -o conftest -O3 -DNO_DEBUG_OUTPUT -fPIC   conftest.c  >&5
configure:8937: $? = 0
configure:8940: test -z 			 || test ! -s conftest.err
configure:8943: $? = 0
configure:8946: test -s conftest
configure:8949: $? = 0
configure:9018: result: none required
configure:9166: checking sys/dirent.h usability
configure:9178: /usr/bin/cc -c -O3 -DNO_DEBUG_OUTPUT -fPIC  conftest.c >&5
conftest.c:74:10: fatal error: sys/dirent.h: No such file or directory
   74 | #include <sys/dirent.h>
      |          ^~~~~~~~~~~~~~
compilation terminated.
configure:9184: $? = 1
configure: failed program was:
| /* confdefs.h.  */
| 
| #define PACKAGE_NAME "libAfterImage"
| #define PACKAGE_TARNAME "libAfterImage.tar"
| #define PACKAGE_VERSION "1.20"
| #define PACKAGE_STRING "libAfterImage 1.20"
| #define PACKAGE_BUGREPORT "as-bugs@afterstep.org"
| #define HAVE_MMX 1
| #define STDC_HEADERS 1
| #define HAVE_SYS_TYPES_H 1
| #define HAVE_SYS_STAT_H 1
| #define HAVE_STDLIB_H 1
| #define HAVE_STRING_H 1
| #define HAVE_MEMORY_H 1
| #define HAVE_STRINGS_H 1
| #define HAVE_INTTYPES_H 1
| #define HAVE_STDINT_H 1
| #define HAVE_UNISTD_H 1
| #define HAVE_LONG_LONG 1
| #define TIME_WITH_SYS_TIME 1
| #define HAVE_SYS_WAIT_H 1
| #define HAVE_SYS_TIME_H 1
| #define HAVE_MALLOC_H 1
| #define HAVE_STDLIB_H 1
| #define HAVE_UNISTD_H 1
| #define HAVE_STDDEF_H 1
| #define HAVE_STDARG_H 1
| #define HAVE_ERRNO_H 1
| #define SHAPE 1
| #define HAVE_XPM 1
| #define HAVE_JPEG 1
| #define HAVE_BUILTIN_JPEG 1
| #define HAVE_PROTOTYPES 1
| #define HAVE_ZLIB_H 1
| #define HAVE_PNG 1
| #define HAVE_GIF 1
| #define HAVE_BUILTIN_UNGIF 1
| #define HAVE_DIRENT_H 1
| /* end confdefs.h.  */
| #include <stdio.h>
| #if HAVE_SYS_TYPES_H
| # include <sys/types.h>
| #endif
| #if HAVE_SYS_STAT_H
| # include <sys/stat.h>
| #endif
| #if STDC_HEADERS
| # include <stdlib.h>
| # include <stddef.h>
| #else
| # if HAVE_STDLIB_H
| #  include <stdlib.h>
| # endif
| #endif
| #if HAVE_STRING_H
| # if !STDC_HEADERS && HAVE_MEMORY_H
| #  include <memory.h>
| # endif
| # include <string.h>
| #endif
| #if HAVE_STRINGS_H
| # include <strings.h>
| #endif
| #if HAVE_INTTYPES_H
| # include <inttypes.h>
| #else
| # if HAVE_STDINT_H
| #  include <stdint.h>
| # endif
| #endif
| #if HAVE_UNISTD_H
| # include <unistd.h>
| #endif
| #include <sys/dirent.h>
configure:9206: result: no
configure:9210: checking sys/dirent.h presence
configure:9220: /usr/bin/cc -E  conftest.c
conftest.c:40:10: fatal error: sys/dirent.h: No such file or directory
   40 | #include <sys/dirent.h>
      |          ^~~~~~~~~~~~~~
compilation terminated.
configure:9226: $? = 1
configure: failed program was:
| /* confdefs.h.  */
| 
| #define PACKAGE_NAME "libAfterImage"
| #define PACKAGE_TARNAME "libAfterImage.tar"
| #define PACKAGE_VERSION "1.20"
| #define PACKAGE_STRING "libAfterImage 1.20"
| #define PACKAGE_BUGREPORT "as-bugs@afterstep.org"
| #define HAVE_MMX 1
| #define STDC_HEADERS 1
| #define HAVE_SYS_TYPES_H 1
| #define HAVE_SYS_STAT_H 1
| #define HAVE_STDLIB_H 1
| #define HAVE_STRING_H 1
| #define HAVE_MEMORY_H 1
| #define HAVE_STRINGS_H 1
| #define HAVE_INTTYPES_H 1
| #define HAVE_STDINT_H 1
| #define HAVE_UNISTD_H 1
| #define HAVE_LONG_LONG 1
| #define TIME_WITH_SYS_TIME 1
| #define HAVE_SYS_WAIT_H 1
| #define HAVE_SYS_TIME_H 1
| #define HAVE_MALLOC_H 1
| #define HAVE_STDLIB_H 1
| #define HAVE_UNISTD_H 1
| #define HAVE_STDDEF_H 1
| #define HAVE_STDARG_H 1
| #define HAVE_ERRNO_H 1
| #define SHAPE 1
| #define HAVE_XPM 1
| #define HAVE_JPEG 1
| #define HAVE_BUILTIN_JPEG 1
| #define HAVE_PROTOTYPES 1
| #define HAVE_ZLIB_H 1
| #define HAVE_PNG 1
| #define HAVE_GIF 1
| #define HAVE_BUILTIN_UNGIF 1
| #define HAVE_DIRENT_H 1
| /* end confdefs.h.  */
| #include <sys/dirent.h>
configure:9246: result: no
configure:9281: checking for sys/dirent.h
configure:9288: result: no
configure:9489: creating ./config.status

## ---------------------- ##
## Running config.status. ##
## ---------------------- ##

This file was extended by libAfterImage config.status 1.20, which was
generated by GNU Autoconf 2.59.  Invocation command line was

  CONFIG_FILES    = 
  CONFIG_HEADERS  = 
  CONFIG_LINKS    = 
  CONFIG_COMMANDS = 
  $ ./config.status 

on enterprise

config.status:751: creating Makefile
config.status:751: creating afterbase.h
config.status:751: creating afterimage-libs
config.status:751: creating afterimage-config
config.status:817: creating config.h

## ---------------- ##
## Cache variables. ##
## ---------------- ##

ac_cv_build=x86_64-unknown-linux-gnu
ac_cv_build_alias=x86_64-unknown-linux-gnu
ac_cv_c_bigendian=no
ac_cv_c_char_unsigned=no
ac_cv_c_compiler_gnu=yes
ac_cv_c_const=yes
ac_cv_c_inline=inline
ac_cv_env_CC_set=set
ac_cv_env_CC_value=/usr/bin/cc
ac_cv_env_CFLAGS_set=set
ac_cv_env_CFLAGS_value=
ac_cv_env_CPPFLAGS_set=
ac_cv_env_CPPFLAGS_value=
ac_cv_env_CPP_set=
ac_cv_env_CPP_value=
ac_cv_env_LDFLAGS_set=
ac_cv_env_LDFLAGS_value=
ac_cv_env_PKG_CONFIG_set=
ac_cv_env_PKG_CONFIG_value=
ac_cv_env_SVG_CFLAGS_set=
ac_cv_env_SVG_CFLAGS_value=
ac_cv_env_SVG_LIBS_set=
ac_cv_env_SVG_LIBS_value=
ac_cv_env_build_alias_set=
ac_cv_env_build_alias_value=
ac_cv_env_host_alias_set=
ac_cv_env_host_alias_value=
ac_cv_env_target_alias_set=
ac_cv_env_target_alias_value=
ac_cv_exeext=
ac_cv_func_connect=yes
ac_cv_func_gethostbyname=yes
ac_cv_func_remove=yes
ac_cv_func_shmat=yes
ac_cv_have_x='have_x=yes 		ac_x_includes= ac_x_libraries='
ac_cv_header_dirent_dirent_h=yes
ac_cv_header_errno_h=yes
ac_cv_header_inttypes_h=yes
ac_cv_header_malloc_h=yes
ac_cv_header_memory_h=yes
ac_cv_header_png_h=yes
ac_cv_header_stdarg_h=yes
ac_cv_header_stdc=yes
ac_cv_header_stddef_h=yes
ac_cv_header_stdint_h=yes
ac_cv_header_stdlib_h=yes
ac_cv_header_string_h=yes
ac_cv_header_strings_h=yes
ac_cv_header_sys_dirent_h=no
ac_cv_header_sys_stat_h=yes
ac_cv_header_sys_time_h=yes
ac_cv_header_sys_types_h=yes
ac_cv_header_sys_wait_h=yes
ac_cv_header_time=yes
ac_cv_header_unistd_h=yes
ac_cv_header_zlib_h=yes
ac_cv_host=x86_64-unknown-linux-gnu
ac_cv_host_alias=x86_64-unknown-linux-gnu
ac_cv_lib_ICE_IceConnectionNumber=no
ac_cv_lib_X11_XOpenDisplay=yes
ac_cv_lib_Xext_XShapeCombineMask=yes
ac_cv_objext=o
ac_cv_path_CP=/usr/bin/cp
ac_cv_path_FIND=/usr/bin/find
ac_cv_path_LDCONFIG=/usr/sbin/ldconfig
ac_cv_path_MKDIR=/usr/bin/mkdir
ac_cv_path_MV=/usr/bin/mv
ac_cv_path_PERL=/usr/bin/perl
ac_cv_path_RM=/usr/bin/rm
ac_cv_path_XARGS=/usr/bin/xargs
ac_cv_path_install='/usr/bin/install -c'
ac_cv_prog_CPP='/usr/bin/cc -E'
ac_cv_prog_ac_ct_CC=/usr/bin/cc
ac_cv_prog_ac_ct_RANLIB=ranlib
ac_cv_prog_cc_g=yes
ac_cv_prog_cc_stdc=
ac_cv_prog_egrep='grep -E'
ac_cv_search_opendir='none required'
ac_cv_target=x86_64-unknown-linux-gnu
ac_cv_target_alias=x86_64-unknown-linux-gnu
ac_cv_type_long_long=yes
ac_cv_type_unsigned_char=yes
ac_cv_type_unsigned_short=yes

## ----------------- ##
## Output variables. ##
## ----------------- ##

AFTERBASE_C='afterbase.o'
AFTERBASE_INCS_PATH=''
AFTERIMAGE_APPS_LIBS='-L../ -lAfterImage -lX11    -lXext -lpng -lz -lm'
AFTERIMAGE_LIBS='-L/home/diagoras/root_cern/root/builddir/lib -lAfterImage  -lX11 -lXext -lpng -lz -lm'
AFTERIMAGE_LIBS_EXTERNAL='-lX11    -lXext -lpng -lz -lm'
AFTERIMAGE_LIB_LIBS='-L./ -lX11    -lXext -lpng -lz -lm'
AFTERIMAGE_TEST_LIBS='-L./ -lAfterImage -lX11    -lXext -lpng -lz -lm'
APPSDEPS=''
CC='/usr/bin/cc'
CFLAGS='-O3 -DNO_DEBUG_OUTPUT -fPIC'
CP='/usr/bin/cp'
CPP='/usr/bin/cc -E'
CPPFLAGS=''
DEFINE_XLOCALE=''
DEFS='-DHAVE_CONFIG_H'
ECHO_C=''
ECHO_N='-n'
ECHO_T=''
EGREP='grep -E'
EXEEXT=''
FIND='/usr/bin/find'
GIF_CFLAGS=''
HAVE_AFTERBASE_FLAG='0'
INSTALL='/usr/bin/install -c'
INSTALL_DATA='${INSTALL} -m 644'
INSTALL_LIB=''
INSTALL_PROGRAM='${INSTALL}'
INSTALL_SCRIPT='${INSTALL}'
JPEG_CFLAGS=''
JPEG_OBJS='$(LIBJPEG_OBJS)'
LDCONFIG='/usr/sbin/ldconfig'
LDFLAGS=''
LEX=''
LEXLIB=''
LIBINSTALL='install.static'
LIBOBJS=''
LIBPROG='$(LIB_STATIC)'
LIBS=''
LN_S='ln -s'
LTLIBOBJS=''
MKDIR='/usr/bin/mkdir'
MMX_CFLAGS='-mmmx'
MV='/usr/bin/mv'
OBJEXT='o'
PACKAGE_BUGREPORT='as-bugs@afterstep.org'
PACKAGE_NAME='libAfterImage'
PACKAGE_STRING='libAfterImage 1.20'
PACKAGE_TARNAME='libAfterImage.tar'
PACKAGE_VERSION='1.20'
PATH_SEPARATOR=':'
PERL='/usr/bin/perl'
PKG_CONFIG=''
PNG_CFLAGS='-I/usr/include'
PNG_OBJS=''
RANLIB='ranlib'
RM='/usr/bin/rm'
SHELL='/bin/bash'
SVG_CFLAGS=''
SVG_LIBS=''
TIFF_CFLAGS=''
TTF_INCLUDES=''
UNGIF_OBJS='$(LIBUNGIF_OBJS)'
USE_DEFAULT_AFTERBASE='0'
XARGS='/usr/bin/xargs'
XPM_CFLAGS=''
X_CFLAGS=''
X_EXTRA_LIBS=''
X_LIBS=''
X_PRE_LIBS=''
YACC=''
ZLIB_OBJS=''
ac_ct_CC='/usr/bin/cc'
ac_ct_RANLIB='ranlib'
ac_pt_PKG_CONFIG=''
afterimage_x_support='yes'
bindir='${exec_prefix}/bin'
build='x86_64-unknown-linux-gnu'
build_alias=''
build_cpu='x86_64'
build_os='linux-gnu'
build_vendor='unknown'
datadir='${prefix}/share'
exec_prefix='/home/diagoras/root_cern/root/builddir'
have_afterbase=''
host='x86_64-unknown-linux-gnu'
host_alias=''
host_cpu='x86_64'
host_os='linux-gnu'
host_vendor='unknown'
image_format='png'
includedir='/home/diagoras/root_cern/root/builddir/include'
infodir='${prefix}/info'
lib_file_name='libAfterImage'
lib_name='LIBAFTERIMAGE'
libdir='/home/diagoras/root_cern/root/builddir/lib'
libexecdir='${exec_prefix}/libexec'
localstatedir='${prefix}/var'
mandir='/home/diagoras/root_cern/root/builddir/man'
oldincludedir='/usr/include'
prefix='/home/diagoras/root_cern/root/builddir'
program_transform_name='s,x,x,'
sbindir='${exec_prefix}/sbin'
sharedstatedir='${prefix}/com'
sysconfdir='${prefix}/etc'
target='x86_64-unknown-linux-gnu'
target_alias=''
target_cpu='x86_64'
target_os='linux-gnu'
target_vendor='unknown'
user_ldflags=''
version='1.20'
version_major='1'
with_locale=''
x_libs='-lX11    -lXext'

## ------------- ##
## Output files. ##
## ------------- ##

LIBAFTERIMAGEFILES='.shared'

## ----------- ##
## confdefs.h. ##
## ----------- ##

#define HAVE_BUILTIN_JPEG 1
#define HAVE_BUILTIN_UNGIF 1
#define HAVE_DIRENT_H 1
#define HAVE_ERRNO_H 1
#define HAVE_GIF 1
#define HAVE_INTTYPES_H 1
#define HAVE_JPEG 1
#define HAVE_LONG_LONG 1
#define HAVE_MALLOC_H 1
#define HAVE_MEMORY_H 1
#define HAVE_MMX 1
#define HAVE_PNG 1
#define HAVE_PROTOTYPES 1
#define HAVE_STDARG_H 1
#define HAVE_STDDEF_H 1
#define HAVE_STDINT_H 1
#define HAVE_STDLIB_H 1
#define HAVE_STDLIB_H 1
#define HAVE_STRINGS_H 1
#define HAVE_STRING_H 1
#define HAVE_SYS_STAT_H 1
#define HAVE_SYS_TIME_H 1
#define HAVE_SYS_TYPES_H 1
#define HAVE_SYS_WAIT_H 1
#define HAVE_UNISTD_H 1
#define HAVE_UNISTD_H 1
#define HAVE_XPM 1
#define HAVE_ZLIB_H 1
#define PACKAGE_BUGREPORT "as-bugs@afterstep.org"
#define PACKAGE_NAME "libAfterImage"
#define PACKAGE_STRING "libAfterImage 1.20"
#define PACKAGE_TARNAME "libAfterImage.tar"
#define PACKAGE_VERSION "1.20"
#define SHAPE 1
#define STDC_HEADERS 1
#define TIME_WITH_SYS_TIME 1

configure: exit 0
