The system is: Linux - 5.8.0-45-generic - x86_64
Compiling the C compiler identification source file "CMakeCCompilerId.c" succeeded.
Compiler: /usr/bin/cc 
Build flags: ;-Wno-implicit-fallthrough;-pipe;-Wall;-W;-pthread;-fPIC
Id flags:  

The output was:
0


Compilation of the C compiler identification source "CMakeCCompilerId.c" produced "a.out"

The C compiler identification is GNU, found in "/home/diagoras/root_cern/root/builddir/interpreter/cling/tools/plugins/clad/clad-prefix/src/clad-build/CMakeFiles/3.16.3/CompilerIdC/a.out"

Compiling the CXX compiler identification source file "CMakeCXXCompilerId.cpp" succeeded.
Compiler: /usr/bin/c++ 
Build flags: ;-std=c++14;-Wno-implicit-fallthrough;-Wno-noexcept-type;-pipe;;-Wshadow;-Wall;-W;-Woverloaded-virtual;-fsigned-char;-pthread;;;-D_GNU_SOURCE;-D__STDC_CONSTANT_MACROS;-D__STDC_FORMAT_MACROS;-D__STDC_LIMIT_MACROS;;-fno-strict-aliasing;-Wwrite-strings;-Wno-shadow;-Wno-unused-parameter;-Wno-deprecated-declarations;-fPIC;-fno-rtti
Id flags:  

The output was:
0


Compilation of the CXX compiler identification source "CMakeCXXCompilerId.cpp" produced "a.out"

The CXX compiler identification is GNU, found in "/home/diagoras/root_cern/root/builddir/interpreter/cling/tools/plugins/clad/clad-prefix/src/clad-build/CMakeFiles/3.16.3/CompilerIdCXX/a.out"

Determining if the C compiler works passed with the following output:
Change Dir: /home/diagoras/root_cern/root/builddir/interpreter/cling/tools/plugins/clad/clad-prefix/src/clad-build/CMakeFiles/CMakeTmp

Run Build Command(s):/usr/bin/make cmTC_13d38/fast && make[3]: Entering directory '/home/diagoras/root_cern/root/builddir/interpreter/cling/tools/plugins/clad/clad-prefix/src/clad-build/CMakeFiles/CMakeTmp'
/usr/bin/make -f CMakeFiles/cmTC_13d38.dir/build.make CMakeFiles/cmTC_13d38.dir/build
make[4]: Entering directory '/home/diagoras/root_cern/root/builddir/interpreter/cling/tools/plugins/clad/clad-prefix/src/clad-build/CMakeFiles/CMakeTmp'
Building C object CMakeFiles/cmTC_13d38.dir/testCCompiler.c.o
/usr/bin/cc   -Wno-implicit-fallthrough -pipe -Wall -W -pthread -fPIC    -o CMakeFiles/cmTC_13d38.dir/testCCompiler.c.o   -c /home/diagoras/root_cern/root/builddir/interpreter/cling/tools/plugins/clad/clad-prefix/src/clad-build/CMakeFiles/CMakeTmp/testCCompiler.c
Linking C executable cmTC_13d38
/usr/bin/cmake -E cmake_link_script CMakeFiles/cmTC_13d38.dir/link.txt --verbose=1
/usr/bin/cc  -Wno-implicit-fallthrough -pipe -Wall -W -pthread -fPIC     CMakeFiles/cmTC_13d38.dir/testCCompiler.c.o  -o cmTC_13d38 
make[4]: Leaving directory '/home/diagoras/root_cern/root/builddir/interpreter/cling/tools/plugins/clad/clad-prefix/src/clad-build/CMakeFiles/CMakeTmp'
make[3]: Leaving directory '/home/diagoras/root_cern/root/builddir/interpreter/cling/tools/plugins/clad/clad-prefix/src/clad-build/CMakeFiles/CMakeTmp'



Detecting C compiler ABI info compiled with the following output:
Change Dir: /home/diagoras/root_cern/root/builddir/interpreter/cling/tools/plugins/clad/clad-prefix/src/clad-build/CMakeFiles/CMakeTmp

Run Build Command(s):/usr/bin/make cmTC_bdca6/fast && make[3]: Entering directory '/home/diagoras/root_cern/root/builddir/interpreter/cling/tools/plugins/clad/clad-prefix/src/clad-build/CMakeFiles/CMakeTmp'
/usr/bin/make -f CMakeFiles/cmTC_bdca6.dir/build.make CMakeFiles/cmTC_bdca6.dir/build
make[4]: Entering directory '/home/diagoras/root_cern/root/builddir/interpreter/cling/tools/plugins/clad/clad-prefix/src/clad-build/CMakeFiles/CMakeTmp'
Building C object CMakeFiles/cmTC_bdca6.dir/CMakeCCompilerABI.c.o
/usr/bin/cc   -Wno-implicit-fallthrough -pipe -Wall -W -pthread -fPIC    -v -o CMakeFiles/cmTC_bdca6.dir/CMakeCCompilerABI.c.o   -c /usr/share/cmake-3.16/Modules/CMakeCCompilerABI.c
Using built-in specs.
COLLECT_GCC=/usr/bin/cc
OFFLOAD_TARGET_NAMES=nvptx-none:hsa
OFFLOAD_TARGET_DEFAULT=1
Target: x86_64-linux-gnu
Configured with: ../src/configure -v --with-pkgversion='Ubuntu 9.3.0-17ubuntu1~20.04' --with-bugurl=file:///usr/share/doc/gcc-9/README.Bugs --enable-languages=c,ada,c++,go,brig,d,fortran,objc,obj-c++,gm2 --prefix=/usr --with-gcc-major-version-only --program-suffix=-9 --program-prefix=x86_64-linux-gnu- --enable-shared --enable-linker-build-id --libexecdir=/usr/lib --without-included-gettext --enable-threads=posix --libdir=/usr/lib --enable-nls --enable-clocale=gnu --enable-libstdcxx-debug --enable-libstdcxx-time=yes --with-default-libstdcxx-abi=new --enable-gnu-unique-object --disable-vtable-verify --enable-plugin --enable-default-pie --with-system-zlib --with-target-system-zlib=auto --enable-objc-gc=auto --enable-multiarch --disable-werror --with-arch-32=i686 --with-abi=m64 --with-multilib-list=m32,m64,mx32 --enable-multilib --with-tune=generic --enable-offload-targets=nvptx-none=/build/gcc-9-HskZEa/gcc-9-9.3.0/debian/tmp-nvptx/usr,hsa --without-cuda-driver --enable-checking=release --build=x86_64-linux-gnu --host=x86_64-linux-gnu --target=x86_64-linux-gnu
Thread model: posix
gcc version 9.3.0 (Ubuntu 9.3.0-17ubuntu1~20.04) 
COLLECT_GCC_OPTIONS='-Wimplicit-fallthrough=0' '-pipe' '-Wall' '-Wextra' '-pthread' '-fPIC' '-v' '-o' 'CMakeFiles/cmTC_bdca6.dir/CMakeCCompilerABI.c.o' '-c' '-mtune=generic' '-march=x86-64'
 /usr/lib/gcc/x86_64-linux-gnu/9/cc1 -quiet -v -imultiarch x86_64-linux-gnu -D_REENTRANT /usr/share/cmake-3.16/Modules/CMakeCCompilerABI.c -quiet -dumpbase CMakeCCompilerABI.c -mtune=generic -march=x86-64 -auxbase-strip CMakeFiles/cmTC_bdca6.dir/CMakeCCompilerABI.c.o -Wimplicit-fallthrough=0 -Wall -Wextra -version -fPIC -fasynchronous-unwind-tables -fstack-protector-strong -Wformat-security -fstack-clash-protection -fcf-protection -o - |
 as -v --64 -o CMakeFiles/cmTC_bdca6.dir/CMakeCCompilerABI.c.o
GNU assembler version 2.34 (x86_64-linux-gnu) using BFD version (GNU Binutils for Ubuntu) 2.34
GNU C17 (Ubuntu 9.3.0-17ubuntu1~20.04) version 9.3.0 (x86_64-linux-gnu)
	compiled by GNU C version 9.3.0, GMP version 6.2.0, MPFR version 4.0.2, MPC version 1.1.0, isl version isl-0.22.1-GMP

GGC heuristics: --param ggc-min-expand=100 --param ggc-min-heapsize=131072
ignoring nonexistent directory "/usr/local/include/x86_64-linux-gnu"
ignoring nonexistent directory "/usr/lib/gcc/x86_64-linux-gnu/9/include-fixed"
ignoring nonexistent directory "/usr/lib/gcc/x86_64-linux-gnu/9/../../../../x86_64-linux-gnu/include"
#include "..." search starts here:
#include <...> search starts here:
 /usr/lib/gcc/x86_64-linux-gnu/9/include
 /usr/local/include
 /usr/include/x86_64-linux-gnu
 /usr/include
End of search list.
GNU C17 (Ubuntu 9.3.0-17ubuntu1~20.04) version 9.3.0 (x86_64-linux-gnu)
	compiled by GNU C version 9.3.0, GMP version 6.2.0, MPFR version 4.0.2, MPC version 1.1.0, isl version isl-0.22.1-GMP

GGC heuristics: --param ggc-min-expand=100 --param ggc-min-heapsize=131072
Compiler executable checksum: bbf13931d8de1abe14040c9909cb6969
COMPILER_PATH=/usr/lib/gcc/x86_64-linux-gnu/9/:/usr/lib/gcc/x86_64-linux-gnu/9/:/usr/lib/gcc/x86_64-linux-gnu/:/usr/lib/gcc/x86_64-linux-gnu/9/:/usr/lib/gcc/x86_64-linux-gnu/
LIBRARY_PATH=/usr/lib/gcc/x86_64-linux-gnu/9/:/usr/lib/gcc/x86_64-linux-gnu/9/../../../x86_64-linux-gnu/:/usr/lib/gcc/x86_64-linux-gnu/9/../../../../lib/:/lib/x86_64-linux-gnu/:/lib/../lib/:/usr/lib/x86_64-linux-gnu/:/usr/lib/../lib/:/usr/lib/gcc/x86_64-linux-gnu/9/../../../:/lib/:/usr/lib/
COLLECT_GCC_OPTIONS='-Wimplicit-fallthrough=0' '-pipe' '-Wall' '-Wextra' '-pthread' '-fPIC' '-v' '-o' 'CMakeFiles/cmTC_bdca6.dir/CMakeCCompilerABI.c.o' '-c' '-mtune=generic' '-march=x86-64'
Linking C executable cmTC_bdca6
/usr/bin/cmake -E cmake_link_script CMakeFiles/cmTC_bdca6.dir/link.txt --verbose=1
/usr/bin/cc  -Wno-implicit-fallthrough -pipe -Wall -W -pthread -fPIC    -v CMakeFiles/cmTC_bdca6.dir/CMakeCCompilerABI.c.o  -o cmTC_bdca6 
Using built-in specs.
COLLECT_GCC=/usr/bin/cc
COLLECT_LTO_WRAPPER=/usr/lib/gcc/x86_64-linux-gnu/9/lto-wrapper
OFFLOAD_TARGET_NAMES=nvptx-none:hsa
OFFLOAD_TARGET_DEFAULT=1
Target: x86_64-linux-gnu
Configured with: ../src/configure -v --with-pkgversion='Ubuntu 9.3.0-17ubuntu1~20.04' --with-bugurl=file:///usr/share/doc/gcc-9/README.Bugs --enable-languages=c,ada,c++,go,brig,d,fortran,objc,obj-c++,gm2 --prefix=/usr --with-gcc-major-version-only --program-suffix=-9 --program-prefix=x86_64-linux-gnu- --enable-shared --enable-linker-build-id --libexecdir=/usr/lib --without-included-gettext --enable-threads=posix --libdir=/usr/lib --enable-nls --enable-clocale=gnu --enable-libstdcxx-debug --enable-libstdcxx-time=yes --with-default-libstdcxx-abi=new --enable-gnu-unique-object --disable-vtable-verify --enable-plugin --enable-default-pie --with-system-zlib --with-target-system-zlib=auto --enable-objc-gc=auto --enable-multiarch --disable-werror --with-arch-32=i686 --with-abi=m64 --with-multilib-list=m32,m64,mx32 --enable-multilib --with-tune=generic --enable-offload-targets=nvptx-none=/build/gcc-9-HskZEa/gcc-9-9.3.0/debian/tmp-nvptx/usr,hsa --without-cuda-driver --enable-checking=release --build=x86_64-linux-gnu --host=x86_64-linux-gnu --target=x86_64-linux-gnu
Thread model: posix
gcc version 9.3.0 (Ubuntu 9.3.0-17ubuntu1~20.04) 
COMPILER_PATH=/usr/lib/gcc/x86_64-linux-gnu/9/:/usr/lib/gcc/x86_64-linux-gnu/9/:/usr/lib/gcc/x86_64-linux-gnu/:/usr/lib/gcc/x86_64-linux-gnu/9/:/usr/lib/gcc/x86_64-linux-gnu/
LIBRARY_PATH=/usr/lib/gcc/x86_64-linux-gnu/9/:/usr/lib/gcc/x86_64-linux-gnu/9/../../../x86_64-linux-gnu/:/usr/lib/gcc/x86_64-linux-gnu/9/../../../../lib/:/lib/x86_64-linux-gnu/:/lib/../lib/:/usr/lib/x86_64-linux-gnu/:/usr/lib/../lib/:/usr/lib/gcc/x86_64-linux-gnu/9/../../../:/lib/:/usr/lib/
COLLECT_GCC_OPTIONS='-Wimplicit-fallthrough=0' '-pipe' '-Wall' '-Wextra' '-pthread' '-fPIC' '-v' '-o' 'cmTC_bdca6' '-mtune=generic' '-march=x86-64'
 /usr/lib/gcc/x86_64-linux-gnu/9/collect2 -plugin /usr/lib/gcc/x86_64-linux-gnu/9/liblto_plugin.so -plugin-opt=/usr/lib/gcc/x86_64-linux-gnu/9/lto-wrapper -plugin-opt=-fresolution=/tmp/cchZHSTR.res -plugin-opt=-pass-through=-lgcc -plugin-opt=-pass-through=-lgcc_s -plugin-opt=-pass-through=-lpthread -plugin-opt=-pass-through=-lc -plugin-opt=-pass-through=-lgcc -plugin-opt=-pass-through=-lgcc_s --build-id --eh-frame-hdr -m elf_x86_64 --hash-style=gnu --as-needed -dynamic-linker /lib64/ld-linux-x86-64.so.2 -pie -z now -z relro -o cmTC_bdca6 /usr/lib/gcc/x86_64-linux-gnu/9/../../../x86_64-linux-gnu/Scrt1.o /usr/lib/gcc/x86_64-linux-gnu/9/../../../x86_64-linux-gnu/crti.o /usr/lib/gcc/x86_64-linux-gnu/9/crtbeginS.o -L/usr/lib/gcc/x86_64-linux-gnu/9 -L/usr/lib/gcc/x86_64-linux-gnu/9/../../../x86_64-linux-gnu -L/usr/lib/gcc/x86_64-linux-gnu/9/../../../../lib -L/lib/x86_64-linux-gnu -L/lib/../lib -L/usr/lib/x86_64-linux-gnu -L/usr/lib/../lib -L/usr/lib/gcc/x86_64-linux-gnu/9/../../.. CMakeFiles/cmTC_bdca6.dir/CMakeCCompilerABI.c.o -lgcc --push-state --as-needed -lgcc_s --pop-state -lpthread -lc -lgcc --push-state --as-needed -lgcc_s --pop-state /usr/lib/gcc/x86_64-linux-gnu/9/crtendS.o /usr/lib/gcc/x86_64-linux-gnu/9/../../../x86_64-linux-gnu/crtn.o
COLLECT_GCC_OPTIONS='-Wimplicit-fallthrough=0' '-pipe' '-Wall' '-Wextra' '-pthread' '-fPIC' '-v' '-o' 'cmTC_bdca6' '-mtune=generic' '-march=x86-64'
make[4]: Leaving directory '/home/diagoras/root_cern/root/builddir/interpreter/cling/tools/plugins/clad/clad-prefix/src/clad-build/CMakeFiles/CMakeTmp'
make[3]: Leaving directory '/home/diagoras/root_cern/root/builddir/interpreter/cling/tools/plugins/clad/clad-prefix/src/clad-build/CMakeFiles/CMakeTmp'



Parsed C implicit include dir info from above output: rv=done
  found start of include info
  found start of implicit include info
    add: [/usr/lib/gcc/x86_64-linux-gnu/9/include]
    add: [/usr/local/include]
    add: [/usr/include/x86_64-linux-gnu]
    add: [/usr/include]
  end of search list found
  collapse include dir [/usr/lib/gcc/x86_64-linux-gnu/9/include] ==> [/usr/lib/gcc/x86_64-linux-gnu/9/include]
  collapse include dir [/usr/local/include] ==> [/usr/local/include]
  collapse include dir [/usr/include/x86_64-linux-gnu] ==> [/usr/include/x86_64-linux-gnu]
  collapse include dir [/usr/include] ==> [/usr/include]
  implicit include dirs: [/usr/lib/gcc/x86_64-linux-gnu/9/include;/usr/local/include;/usr/include/x86_64-linux-gnu;/usr/include]


Parsed C implicit link information from above output:
  link line regex: [^( *|.*[/\])(ld|CMAKE_LINK_STARTFILE-NOTFOUND|([^/\]+-)?ld|collect2)[^/\]*( |$)]
  ignore line: [Change Dir: /home/diagoras/root_cern/root/builddir/interpreter/cling/tools/plugins/clad/clad-prefix/src/clad-build/CMakeFiles/CMakeTmp]
  ignore line: []
  ignore line: [Run Build Command(s):/usr/bin/make cmTC_bdca6/fast && make[3]: Entering directory '/home/diagoras/root_cern/root/builddir/interpreter/cling/tools/plugins/clad/clad-prefix/src/clad-build/CMakeFiles/CMakeTmp']
  ignore line: [/usr/bin/make -f CMakeFiles/cmTC_bdca6.dir/build.make CMakeFiles/cmTC_bdca6.dir/build]
  ignore line: [make[4]: Entering directory '/home/diagoras/root_cern/root/builddir/interpreter/cling/tools/plugins/clad/clad-prefix/src/clad-build/CMakeFiles/CMakeTmp']
  ignore line: [Building C object CMakeFiles/cmTC_bdca6.dir/CMakeCCompilerABI.c.o]
  ignore line: [/usr/bin/cc   -Wno-implicit-fallthrough -pipe -Wall -W -pthread -fPIC    -v -o CMakeFiles/cmTC_bdca6.dir/CMakeCCompilerABI.c.o   -c /usr/share/cmake-3.16/Modules/CMakeCCompilerABI.c]
  ignore line: [Using built-in specs.]
  ignore line: [COLLECT_GCC=/usr/bin/cc]
  ignore line: [OFFLOAD_TARGET_NAMES=nvptx-none:hsa]
  ignore line: [OFFLOAD_TARGET_DEFAULT=1]
  ignore line: [Target: x86_64-linux-gnu]
  ignore line: [Configured with: ../src/configure -v --with-pkgversion='Ubuntu 9.3.0-17ubuntu1~20.04' --with-bugurl=file:///usr/share/doc/gcc-9/README.Bugs --enable-languages=c ada c++ go brig d fortran objc obj-c++ gm2 --prefix=/usr --with-gcc-major-version-only --program-suffix=-9 --program-prefix=x86_64-linux-gnu- --enable-shared --enable-linker-build-id --libexecdir=/usr/lib --without-included-gettext --enable-threads=posix --libdir=/usr/lib --enable-nls --enable-clocale=gnu --enable-libstdcxx-debug --enable-libstdcxx-time=yes --with-default-libstdcxx-abi=new --enable-gnu-unique-object --disable-vtable-verify --enable-plugin --enable-default-pie --with-system-zlib --with-target-system-zlib=auto --enable-objc-gc=auto --enable-multiarch --disable-werror --with-arch-32=i686 --with-abi=m64 --with-multilib-list=m32 m64 mx32 --enable-multilib --with-tune=generic --enable-offload-targets=nvptx-none=/build/gcc-9-HskZEa/gcc-9-9.3.0/debian/tmp-nvptx/usr hsa --without-cuda-driver --enable-checking=release --build=x86_64-linux-gnu --host=x86_64-linux-gnu --target=x86_64-linux-gnu]
  ignore line: [Thread model: posix]
  ignore line: [gcc version 9.3.0 (Ubuntu 9.3.0-17ubuntu1~20.04) ]
  ignore line: [COLLECT_GCC_OPTIONS='-Wimplicit-fallthrough=0' '-pipe' '-Wall' '-Wextra' '-pthread' '-fPIC' '-v' '-o' 'CMakeFiles/cmTC_bdca6.dir/CMakeCCompilerABI.c.o' '-c' '-mtune=generic' '-march=x86-64']
  ignore line: [ /usr/lib/gcc/x86_64-linux-gnu/9/cc1 -quiet -v -imultiarch x86_64-linux-gnu -D_REENTRANT /usr/share/cmake-3.16/Modules/CMakeCCompilerABI.c -quiet -dumpbase CMakeCCompilerABI.c -mtune=generic -march=x86-64 -auxbase-strip CMakeFiles/cmTC_bdca6.dir/CMakeCCompilerABI.c.o -Wimplicit-fallthrough=0 -Wall -Wextra -version -fPIC -fasynchronous-unwind-tables -fstack-protector-strong -Wformat-security -fstack-clash-protection -fcf-protection -o - |]
  ignore line: [ as -v --64 -o CMakeFiles/cmTC_bdca6.dir/CMakeCCompilerABI.c.o]
  ignore line: [GNU assembler version 2.34 (x86_64-linux-gnu) using BFD version (GNU Binutils for Ubuntu) 2.34]
  ignore line: [GNU C17 (Ubuntu 9.3.0-17ubuntu1~20.04) version 9.3.0 (x86_64-linux-gnu)]
  ignore line: [	compiled by GNU C version 9.3.0  GMP version 6.2.0  MPFR version 4.0.2  MPC version 1.1.0  isl version isl-0.22.1-GMP]
  ignore line: []
  ignore line: [GGC heuristics: --param ggc-min-expand=100 --param ggc-min-heapsize=131072]
  ignore line: [ignoring nonexistent directory "/usr/local/include/x86_64-linux-gnu"]
  ignore line: [ignoring nonexistent directory "/usr/lib/gcc/x86_64-linux-gnu/9/include-fixed"]
  ignore line: [ignoring nonexistent directory "/usr/lib/gcc/x86_64-linux-gnu/9/../../../../x86_64-linux-gnu/include"]
  ignore line: [#include "..." search starts here:]
  ignore line: [#include <...> search starts here:]
  ignore line: [ /usr/lib/gcc/x86_64-linux-gnu/9/include]
  ignore line: [ /usr/local/include]
  ignore line: [ /usr/include/x86_64-linux-gnu]
  ignore line: [ /usr/include]
  ignore line: [End of search list.]
  ignore line: [GNU C17 (Ubuntu 9.3.0-17ubuntu1~20.04) version 9.3.0 (x86_64-linux-gnu)]
  ignore line: [	compiled by GNU C version 9.3.0  GMP version 6.2.0  MPFR version 4.0.2  MPC version 1.1.0  isl version isl-0.22.1-GMP]
  ignore line: []
  ignore line: [GGC heuristics: --param ggc-min-expand=100 --param ggc-min-heapsize=131072]
  ignore line: [Compiler executable checksum: bbf13931d8de1abe14040c9909cb6969]
  ignore line: [COMPILER_PATH=/usr/lib/gcc/x86_64-linux-gnu/9/:/usr/lib/gcc/x86_64-linux-gnu/9/:/usr/lib/gcc/x86_64-linux-gnu/:/usr/lib/gcc/x86_64-linux-gnu/9/:/usr/lib/gcc/x86_64-linux-gnu/]
  ignore line: [LIBRARY_PATH=/usr/lib/gcc/x86_64-linux-gnu/9/:/usr/lib/gcc/x86_64-linux-gnu/9/../../../x86_64-linux-gnu/:/usr/lib/gcc/x86_64-linux-gnu/9/../../../../lib/:/lib/x86_64-linux-gnu/:/lib/../lib/:/usr/lib/x86_64-linux-gnu/:/usr/lib/../lib/:/usr/lib/gcc/x86_64-linux-gnu/9/../../../:/lib/:/usr/lib/]
  ignore line: [COLLECT_GCC_OPTIONS='-Wimplicit-fallthrough=0' '-pipe' '-Wall' '-Wextra' '-pthread' '-fPIC' '-v' '-o' 'CMakeFiles/cmTC_bdca6.dir/CMakeCCompilerABI.c.o' '-c' '-mtune=generic' '-march=x86-64']
  ignore line: [Linking C executable cmTC_bdca6]
  ignore line: [/usr/bin/cmake -E cmake_link_script CMakeFiles/cmTC_bdca6.dir/link.txt --verbose=1]
  ignore line: [/usr/bin/cc  -Wno-implicit-fallthrough -pipe -Wall -W -pthread -fPIC    -v CMakeFiles/cmTC_bdca6.dir/CMakeCCompilerABI.c.o  -o cmTC_bdca6 ]
  ignore line: [Using built-in specs.]
  ignore line: [COLLECT_GCC=/usr/bin/cc]
  ignore line: [COLLECT_LTO_WRAPPER=/usr/lib/gcc/x86_64-linux-gnu/9/lto-wrapper]
  ignore line: [OFFLOAD_TARGET_NAMES=nvptx-none:hsa]
  ignore line: [OFFLOAD_TARGET_DEFAULT=1]
  ignore line: [Target: x86_64-linux-gnu]
  ignore line: [Configured with: ../src/configure -v --with-pkgversion='Ubuntu 9.3.0-17ubuntu1~20.04' --with-bugurl=file:///usr/share/doc/gcc-9/README.Bugs --enable-languages=c ada c++ go brig d fortran objc obj-c++ gm2 --prefix=/usr --with-gcc-major-version-only --program-suffix=-9 --program-prefix=x86_64-linux-gnu- --enable-shared --enable-linker-build-id --libexecdir=/usr/lib --without-included-gettext --enable-threads=posix --libdir=/usr/lib --enable-nls --enable-clocale=gnu --enable-libstdcxx-debug --enable-libstdcxx-time=yes --with-default-libstdcxx-abi=new --enable-gnu-unique-object --disable-vtable-verify --enable-plugin --enable-default-pie --with-system-zlib --with-target-system-zlib=auto --enable-objc-gc=auto --enable-multiarch --disable-werror --with-arch-32=i686 --with-abi=m64 --with-multilib-list=m32 m64 mx32 --enable-multilib --with-tune=generic --enable-offload-targets=nvptx-none=/build/gcc-9-HskZEa/gcc-9-9.3.0/debian/tmp-nvptx/usr hsa --without-cuda-driver --enable-checking=release --build=x86_64-linux-gnu --host=x86_64-linux-gnu --target=x86_64-linux-gnu]
  ignore line: [Thread model: posix]
  ignore line: [gcc version 9.3.0 (Ubuntu 9.3.0-17ubuntu1~20.04) ]
  ignore line: [COMPILER_PATH=/usr/lib/gcc/x86_64-linux-gnu/9/:/usr/lib/gcc/x86_64-linux-gnu/9/:/usr/lib/gcc/x86_64-linux-gnu/:/usr/lib/gcc/x86_64-linux-gnu/9/:/usr/lib/gcc/x86_64-linux-gnu/]
  ignore line: [LIBRARY_PATH=/usr/lib/gcc/x86_64-linux-gnu/9/:/usr/lib/gcc/x86_64-linux-gnu/9/../../../x86_64-linux-gnu/:/usr/lib/gcc/x86_64-linux-gnu/9/../../../../lib/:/lib/x86_64-linux-gnu/:/lib/../lib/:/usr/lib/x86_64-linux-gnu/:/usr/lib/../lib/:/usr/lib/gcc/x86_64-linux-gnu/9/../../../:/lib/:/usr/lib/]
  ignore line: [COLLECT_GCC_OPTIONS='-Wimplicit-fallthrough=0' '-pipe' '-Wall' '-Wextra' '-pthread' '-fPIC' '-v' '-o' 'cmTC_bdca6' '-mtune=generic' '-march=x86-64']
  link line: [ /usr/lib/gcc/x86_64-linux-gnu/9/collect2 -plugin /usr/lib/gcc/x86_64-linux-gnu/9/liblto_plugin.so -plugin-opt=/usr/lib/gcc/x86_64-linux-gnu/9/lto-wrapper -plugin-opt=-fresolution=/tmp/cchZHSTR.res -plugin-opt=-pass-through=-lgcc -plugin-opt=-pass-through=-lgcc_s -plugin-opt=-pass-through=-lpthread -plugin-opt=-pass-through=-lc -plugin-opt=-pass-through=-lgcc -plugin-opt=-pass-through=-lgcc_s --build-id --eh-frame-hdr -m elf_x86_64 --hash-style=gnu --as-needed -dynamic-linker /lib64/ld-linux-x86-64.so.2 -pie -z now -z relro -o cmTC_bdca6 /usr/lib/gcc/x86_64-linux-gnu/9/../../../x86_64-linux-gnu/Scrt1.o /usr/lib/gcc/x86_64-linux-gnu/9/../../../x86_64-linux-gnu/crti.o /usr/lib/gcc/x86_64-linux-gnu/9/crtbeginS.o -L/usr/lib/gcc/x86_64-linux-gnu/9 -L/usr/lib/gcc/x86_64-linux-gnu/9/../../../x86_64-linux-gnu -L/usr/lib/gcc/x86_64-linux-gnu/9/../../../../lib -L/lib/x86_64-linux-gnu -L/lib/../lib -L/usr/lib/x86_64-linux-gnu -L/usr/lib/../lib -L/usr/lib/gcc/x86_64-linux-gnu/9/../../.. CMakeFiles/cmTC_bdca6.dir/CMakeCCompilerABI.c.o -lgcc --push-state --as-needed -lgcc_s --pop-state -lpthread -lc -lgcc --push-state --as-needed -lgcc_s --pop-state /usr/lib/gcc/x86_64-linux-gnu/9/crtendS.o /usr/lib/gcc/x86_64-linux-gnu/9/../../../x86_64-linux-gnu/crtn.o]
    arg [/usr/lib/gcc/x86_64-linux-gnu/9/collect2] ==> ignore
    arg [-plugin] ==> ignore
    arg [/usr/lib/gcc/x86_64-linux-gnu/9/liblto_plugin.so] ==> ignore
    arg [-plugin-opt=/usr/lib/gcc/x86_64-linux-gnu/9/lto-wrapper] ==> ignore
    arg [-plugin-opt=-fresolution=/tmp/cchZHSTR.res] ==> ignore
    arg [-plugin-opt=-pass-through=-lgcc] ==> ignore
    arg [-plugin-opt=-pass-through=-lgcc_s] ==> ignore
    arg [-plugin-opt=-pass-through=-lpthread] ==> ignore
    arg [-plugin-opt=-pass-through=-lc] ==> ignore
    arg [-plugin-opt=-pass-through=-lgcc] ==> ignore
    arg [-plugin-opt=-pass-through=-lgcc_s] ==> ignore
    arg [--build-id] ==> ignore
    arg [--eh-frame-hdr] ==> ignore
    arg [-m] ==> ignore
    arg [elf_x86_64] ==> ignore
    arg [--hash-style=gnu] ==> ignore
    arg [--as-needed] ==> ignore
    arg [-dynamic-linker] ==> ignore
    arg [/lib64/ld-linux-x86-64.so.2] ==> ignore
    arg [-pie] ==> ignore
    arg [-znow] ==> ignore
    arg [-zrelro] ==> ignore
    arg [-o] ==> ignore
    arg [cmTC_bdca6] ==> ignore
    arg [/usr/lib/gcc/x86_64-linux-gnu/9/../../../x86_64-linux-gnu/Scrt1.o] ==> ignore
    arg [/usr/lib/gcc/x86_64-linux-gnu/9/../../../x86_64-linux-gnu/crti.o] ==> ignore
    arg [/usr/lib/gcc/x86_64-linux-gnu/9/crtbeginS.o] ==> ignore
    arg [-L/usr/lib/gcc/x86_64-linux-gnu/9] ==> dir [/usr/lib/gcc/x86_64-linux-gnu/9]
    arg [-L/usr/lib/gcc/x86_64-linux-gnu/9/../../../x86_64-linux-gnu] ==> dir [/usr/lib/gcc/x86_64-linux-gnu/9/../../../x86_64-linux-gnu]
    arg [-L/usr/lib/gcc/x86_64-linux-gnu/9/../../../../lib] ==> dir [/usr/lib/gcc/x86_64-linux-gnu/9/../../../../lib]
    arg [-L/lib/x86_64-linux-gnu] ==> dir [/lib/x86_64-linux-gnu]
    arg [-L/lib/../lib] ==> dir [/lib/../lib]
    arg [-L/usr/lib/x86_64-linux-gnu] ==> dir [/usr/lib/x86_64-linux-gnu]
    arg [-L/usr/lib/../lib] ==> dir [/usr/lib/../lib]
    arg [-L/usr/lib/gcc/x86_64-linux-gnu/9/../../..] ==> dir [/usr/lib/gcc/x86_64-linux-gnu/9/../../..]
    arg [CMakeFiles/cmTC_bdca6.dir/CMakeCCompilerABI.c.o] ==> ignore
    arg [-lgcc] ==> lib [gcc]
    arg [--push-state] ==> ignore
    arg [--as-needed] ==> ignore
    arg [-lgcc_s] ==> lib [gcc_s]
    arg [--pop-state] ==> ignore
    arg [-lpthread] ==> lib [pthread]
    arg [-lc] ==> lib [c]
    arg [-lgcc] ==> lib [gcc]
    arg [--push-state] ==> ignore
    arg [--as-needed] ==> ignore
    arg [-lgcc_s] ==> lib [gcc_s]
    arg [--pop-state] ==> ignore
    arg [/usr/lib/gcc/x86_64-linux-gnu/9/crtendS.o] ==> ignore
    arg [/usr/lib/gcc/x86_64-linux-gnu/9/../../../x86_64-linux-gnu/crtn.o] ==> ignore
  collapse library dir [/usr/lib/gcc/x86_64-linux-gnu/9] ==> [/usr/lib/gcc/x86_64-linux-gnu/9]
  collapse library dir [/usr/lib/gcc/x86_64-linux-gnu/9/../../../x86_64-linux-gnu] ==> [/usr/lib/x86_64-linux-gnu]
  collapse library dir [/usr/lib/gcc/x86_64-linux-gnu/9/../../../../lib] ==> [/usr/lib]
  collapse library dir [/lib/x86_64-linux-gnu] ==> [/lib/x86_64-linux-gnu]
  collapse library dir [/lib/../lib] ==> [/lib]
  collapse library dir [/usr/lib/x86_64-linux-gnu] ==> [/usr/lib/x86_64-linux-gnu]
  collapse library dir [/usr/lib/../lib] ==> [/usr/lib]
  collapse library dir [/usr/lib/gcc/x86_64-linux-gnu/9/../../..] ==> [/usr/lib]
  implicit libs: [gcc;gcc_s;pthread;c;gcc;gcc_s]
  implicit dirs: [/usr/lib/gcc/x86_64-linux-gnu/9;/usr/lib/x86_64-linux-gnu;/usr/lib;/lib/x86_64-linux-gnu;/lib]
  implicit fwks: []


Determining if the CXX compiler works passed with the following output:
Change Dir: /home/diagoras/root_cern/root/builddir/interpreter/cling/tools/plugins/clad/clad-prefix/src/clad-build/CMakeFiles/CMakeTmp

Run Build Command(s):/usr/bin/make cmTC_f165d/fast && make[3]: Entering directory '/home/diagoras/root_cern/root/builddir/interpreter/cling/tools/plugins/clad/clad-prefix/src/clad-build/CMakeFiles/CMakeTmp'
/usr/bin/make -f CMakeFiles/cmTC_f165d.dir/build.make CMakeFiles/cmTC_f165d.dir/build
make[4]: Entering directory '/home/diagoras/root_cern/root/builddir/interpreter/cling/tools/plugins/clad/clad-prefix/src/clad-build/CMakeFiles/CMakeTmp'
Building CXX object CMakeFiles/cmTC_f165d.dir/testCXXCompiler.cxx.o
/usr/bin/c++    -std=c++14 -Wno-implicit-fallthrough -Wno-noexcept-type -pipe  -Wshadow -Wall -W -Woverloaded-virtual -fsigned-char -pthread   -D_GNU_SOURCE -D__STDC_CONSTANT_MACROS -D__STDC_FORMAT_MACROS -D__STDC_LIMIT_MACROS  -fno-strict-aliasing -Wwrite-strings -Wno-shadow -Wno-unused-parameter -Wno-deprecated-declarations -fPIC -fno-rtti    -o CMakeFiles/cmTC_f165d.dir/testCXXCompiler.cxx.o -c /home/diagoras/root_cern/root/builddir/interpreter/cling/tools/plugins/clad/clad-prefix/src/clad-build/CMakeFiles/CMakeTmp/testCXXCompiler.cxx
Linking CXX executable cmTC_f165d
/usr/bin/cmake -E cmake_link_script CMakeFiles/cmTC_f165d.dir/link.txt --verbose=1
/usr/bin/c++   -std=c++14 -Wno-implicit-fallthrough -Wno-noexcept-type -pipe  -Wshadow -Wall -W -Woverloaded-virtual -fsigned-char -pthread   -D_GNU_SOURCE -D__STDC_CONSTANT_MACROS -D__STDC_FORMAT_MACROS -D__STDC_LIMIT_MACROS  -fno-strict-aliasing -Wwrite-strings -Wno-shadow -Wno-unused-parameter -Wno-deprecated-declarations -fPIC -fno-rtti     CMakeFiles/cmTC_f165d.dir/testCXXCompiler.cxx.o  -o cmTC_f165d 
make[4]: Leaving directory '/home/diagoras/root_cern/root/builddir/interpreter/cling/tools/plugins/clad/clad-prefix/src/clad-build/CMakeFiles/CMakeTmp'
make[3]: Leaving directory '/home/diagoras/root_cern/root/builddir/interpreter/cling/tools/plugins/clad/clad-prefix/src/clad-build/CMakeFiles/CMakeTmp'



Detecting CXX compiler ABI info compiled with the following output:
Change Dir: /home/diagoras/root_cern/root/builddir/interpreter/cling/tools/plugins/clad/clad-prefix/src/clad-build/CMakeFiles/CMakeTmp

Run Build Command(s):/usr/bin/make cmTC_d0c0a/fast && make[3]: Entering directory '/home/diagoras/root_cern/root/builddir/interpreter/cling/tools/plugins/clad/clad-prefix/src/clad-build/CMakeFiles/CMakeTmp'
/usr/bin/make -f CMakeFiles/cmTC_d0c0a.dir/build.make CMakeFiles/cmTC_d0c0a.dir/build
make[4]: Entering directory '/home/diagoras/root_cern/root/builddir/interpreter/cling/tools/plugins/clad/clad-prefix/src/clad-build/CMakeFiles/CMakeTmp'
Building CXX object CMakeFiles/cmTC_d0c0a.dir/CMakeCXXCompilerABI.cpp.o
/usr/bin/c++    -std=c++14 -Wno-implicit-fallthrough -Wno-noexcept-type -pipe  -Wshadow -Wall -W -Woverloaded-virtual -fsigned-char -pthread   -D_GNU_SOURCE -D__STDC_CONSTANT_MACROS -D__STDC_FORMAT_MACROS -D__STDC_LIMIT_MACROS  -fno-strict-aliasing -Wwrite-strings -Wno-shadow -Wno-unused-parameter -Wno-deprecated-declarations -fPIC -fno-rtti    -v -o CMakeFiles/cmTC_d0c0a.dir/CMakeCXXCompilerABI.cpp.o -c /usr/share/cmake-3.16/Modules/CMakeCXXCompilerABI.cpp
Using built-in specs.
COLLECT_GCC=/usr/bin/c++
OFFLOAD_TARGET_NAMES=nvptx-none:hsa
OFFLOAD_TARGET_DEFAULT=1
Target: x86_64-linux-gnu
Configured with: ../src/configure -v --with-pkgversion='Ubuntu 9.3.0-17ubuntu1~20.04' --with-bugurl=file:///usr/share/doc/gcc-9/README.Bugs --enable-languages=c,ada,c++,go,brig,d,fortran,objc,obj-c++,gm2 --prefix=/usr --with-gcc-major-version-only --program-suffix=-9 --program-prefix=x86_64-linux-gnu- --enable-shared --enable-linker-build-id --libexecdir=/usr/lib --without-included-gettext --enable-threads=posix --libdir=/usr/lib --enable-nls --enable-clocale=gnu --enable-libstdcxx-debug --enable-libstdcxx-time=yes --with-default-libstdcxx-abi=new --enable-gnu-unique-object --disable-vtable-verify --enable-plugin --enable-default-pie --with-system-zlib --with-target-system-zlib=auto --enable-objc-gc=auto --enable-multiarch --disable-werror --with-arch-32=i686 --with-abi=m64 --with-multilib-list=m32,m64,mx32 --enable-multilib --with-tune=generic --enable-offload-targets=nvptx-none=/build/gcc-9-HskZEa/gcc-9-9.3.0/debian/tmp-nvptx/usr,hsa --without-cuda-driver --enable-checking=release --build=x86_64-linux-gnu --host=x86_64-linux-gnu --target=x86_64-linux-gnu
Thread model: posix
gcc version 9.3.0 (Ubuntu 9.3.0-17ubuntu1~20.04) 
COLLECT_GCC_OPTIONS='-std=c++14' '-Wimplicit-fallthrough=0' '-Wno-noexcept-type' '-pipe' '-Wall' '-Wextra' '-Woverloaded-virtual' '-fsigned-char' '-pthread' '-D' '_GNU_SOURCE' '-D' '__STDC_CONSTANT_MACROS' '-D' '__STDC_FORMAT_MACROS' '-D' '__STDC_LIMIT_MACROS' '-fno-strict-aliasing' '-Wwrite-strings' '-Wno-shadow' '-Wno-unused-parameter' '-Wno-deprecated-declarations' '-fPIC' '-fno-rtti' '-v' '-o' 'CMakeFiles/cmTC_d0c0a.dir/CMakeCXXCompilerABI.cpp.o' '-c' '-shared-libgcc' '-mtune=generic' '-march=x86-64'
 /usr/lib/gcc/x86_64-linux-gnu/9/cc1plus -quiet -v -imultiarch x86_64-linux-gnu -D_GNU_SOURCE -D_REENTRANT -D _GNU_SOURCE -D __STDC_CONSTANT_MACROS -D __STDC_FORMAT_MACROS -D __STDC_LIMIT_MACROS /usr/share/cmake-3.16/Modules/CMakeCXXCompilerABI.cpp -quiet -dumpbase CMakeCXXCompilerABI.cpp -mtune=generic -march=x86-64 -auxbase-strip CMakeFiles/cmTC_d0c0a.dir/CMakeCXXCompilerABI.cpp.o -Wimplicit-fallthrough=0 -Wno-noexcept-type -Wall -Wextra -Woverloaded-virtual -Wwrite-strings -Wno-shadow -Wno-unused-parameter -Wno-deprecated-declarations -std=c++14 -version -fsigned-char -fno-strict-aliasing -fPIC -fno-rtti -fasynchronous-unwind-tables -fstack-protector-strong -Wformat-security -fstack-clash-protection -fcf-protection -o - |
 as -v --64 -o CMakeFiles/cmTC_d0c0a.dir/CMakeCXXCompilerABI.cpp.o
GNU assembler version 2.34 (x86_64-linux-gnu) using BFD version (GNU Binutils for Ubuntu) 2.34
GNU C++14 (Ubuntu 9.3.0-17ubuntu1~20.04) version 9.3.0 (x86_64-linux-gnu)
	compiled by GNU C version 9.3.0, GMP version 6.2.0, MPFR version 4.0.2, MPC version 1.1.0, isl version isl-0.22.1-GMP

GGC heuristics: --param ggc-min-expand=100 --param ggc-min-heapsize=131072
ignoring duplicate directory "/usr/include/x86_64-linux-gnu/c++/9"
ignoring nonexistent directory "/usr/local/include/x86_64-linux-gnu"
ignoring nonexistent directory "/usr/lib/gcc/x86_64-linux-gnu/9/include-fixed"
ignoring nonexistent directory "/usr/lib/gcc/x86_64-linux-gnu/9/../../../../x86_64-linux-gnu/include"
#include "..." search starts here:
#include <...> search starts here:
 /usr/include/c++/9
 /usr/include/x86_64-linux-gnu/c++/9
 /usr/include/c++/9/backward
 /usr/lib/gcc/x86_64-linux-gnu/9/include
 /usr/local/include
 /usr/include/x86_64-linux-gnu
 /usr/include
End of search list.
GNU C++14 (Ubuntu 9.3.0-17ubuntu1~20.04) version 9.3.0 (x86_64-linux-gnu)
	compiled by GNU C version 9.3.0, GMP version 6.2.0, MPFR version 4.0.2, MPC version 1.1.0, isl version isl-0.22.1-GMP

GGC heuristics: --param ggc-min-expand=100 --param ggc-min-heapsize=131072
Compiler executable checksum: 466f818abe2f30ba03783f22bd12d815
COMPILER_PATH=/usr/lib/gcc/x86_64-linux-gnu/9/:/usr/lib/gcc/x86_64-linux-gnu/9/:/usr/lib/gcc/x86_64-linux-gnu/:/usr/lib/gcc/x86_64-linux-gnu/9/:/usr/lib/gcc/x86_64-linux-gnu/
LIBRARY_PATH=/usr/lib/gcc/x86_64-linux-gnu/9/:/usr/lib/gcc/x86_64-linux-gnu/9/../../../x86_64-linux-gnu/:/usr/lib/gcc/x86_64-linux-gnu/9/../../../../lib/:/lib/x86_64-linux-gnu/:/lib/../lib/:/usr/lib/x86_64-linux-gnu/:/usr/lib/../lib/:/usr/lib/gcc/x86_64-linux-gnu/9/../../../:/lib/:/usr/lib/
COLLECT_GCC_OPTIONS='-std=c++14' '-Wimplicit-fallthrough=0' '-Wno-noexcept-type' '-pipe' '-Wall' '-Wextra' '-Woverloaded-virtual' '-fsigned-char' '-pthread' '-D' '_GNU_SOURCE' '-D' '__STDC_CONSTANT_MACROS' '-D' '__STDC_FORMAT_MACROS' '-D' '__STDC_LIMIT_MACROS' '-fno-strict-aliasing' '-Wwrite-strings' '-Wno-shadow' '-Wno-unused-parameter' '-Wno-deprecated-declarations' '-fPIC' '-fno-rtti' '-v' '-o' 'CMakeFiles/cmTC_d0c0a.dir/CMakeCXXCompilerABI.cpp.o' '-c' '-shared-libgcc' '-mtune=generic' '-march=x86-64'
Linking CXX executable cmTC_d0c0a
/usr/bin/cmake -E cmake_link_script CMakeFiles/cmTC_d0c0a.dir/link.txt --verbose=1
/usr/bin/c++   -std=c++14 -Wno-implicit-fallthrough -Wno-noexcept-type -pipe  -Wshadow -Wall -W -Woverloaded-virtual -fsigned-char -pthread   -D_GNU_SOURCE -D__STDC_CONSTANT_MACROS -D__STDC_FORMAT_MACROS -D__STDC_LIMIT_MACROS  -fno-strict-aliasing -Wwrite-strings -Wno-shadow -Wno-unused-parameter -Wno-deprecated-declarations -fPIC -fno-rtti    -v CMakeFiles/cmTC_d0c0a.dir/CMakeCXXCompilerABI.cpp.o  -o cmTC_d0c0a 
Using built-in specs.
COLLECT_GCC=/usr/bin/c++
COLLECT_LTO_WRAPPER=/usr/lib/gcc/x86_64-linux-gnu/9/lto-wrapper
OFFLOAD_TARGET_NAMES=nvptx-none:hsa
OFFLOAD_TARGET_DEFAULT=1
Target: x86_64-linux-gnu
Configured with: ../src/configure -v --with-pkgversion='Ubuntu 9.3.0-17ubuntu1~20.04' --with-bugurl=file:///usr/share/doc/gcc-9/README.Bugs --enable-languages=c,ada,c++,go,brig,d,fortran,objc,obj-c++,gm2 --prefix=/usr --with-gcc-major-version-only --program-suffix=-9 --program-prefix=x86_64-linux-gnu- --enable-shared --enable-linker-build-id --libexecdir=/usr/lib --without-included-gettext --enable-threads=posix --libdir=/usr/lib --enable-nls --enable-clocale=gnu --enable-libstdcxx-debug --enable-libstdcxx-time=yes --with-default-libstdcxx-abi=new --enable-gnu-unique-object --disable-vtable-verify --enable-plugin --enable-default-pie --with-system-zlib --with-target-system-zlib=auto --enable-objc-gc=auto --enable-multiarch --disable-werror --with-arch-32=i686 --with-abi=m64 --with-multilib-list=m32,m64,mx32 --enable-multilib --with-tune=generic --enable-offload-targets=nvptx-none=/build/gcc-9-HskZEa/gcc-9-9.3.0/debian/tmp-nvptx/usr,hsa --without-cuda-driver --enable-checking=release --build=x86_64-linux-gnu --host=x86_64-linux-gnu --target=x86_64-linux-gnu
Thread model: posix
gcc version 9.3.0 (Ubuntu 9.3.0-17ubuntu1~20.04) 
COMPILER_PATH=/usr/lib/gcc/x86_64-linux-gnu/9/:/usr/lib/gcc/x86_64-linux-gnu/9/:/usr/lib/gcc/x86_64-linux-gnu/:/usr/lib/gcc/x86_64-linux-gnu/9/:/usr/lib/gcc/x86_64-linux-gnu/
LIBRARY_PATH=/usr/lib/gcc/x86_64-linux-gnu/9/:/usr/lib/gcc/x86_64-linux-gnu/9/../../../x86_64-linux-gnu/:/usr/lib/gcc/x86_64-linux-gnu/9/../../../../lib/:/lib/x86_64-linux-gnu/:/lib/../lib/:/usr/lib/x86_64-linux-gnu/:/usr/lib/../lib/:/usr/lib/gcc/x86_64-linux-gnu/9/../../../:/lib/:/usr/lib/
COLLECT_GCC_OPTIONS='-std=c++14' '-Wimplicit-fallthrough=0' '-Wno-noexcept-type' '-pipe' '-Wall' '-Wextra' '-Woverloaded-virtual' '-fsigned-char' '-pthread' '-D' '_GNU_SOURCE' '-D' '__STDC_CONSTANT_MACROS' '-D' '__STDC_FORMAT_MACROS' '-D' '__STDC_LIMIT_MACROS' '-fno-strict-aliasing' '-Wwrite-strings' '-Wno-shadow' '-Wno-unused-parameter' '-Wno-deprecated-declarations' '-fPIC' '-fno-rtti' '-v' '-o' 'cmTC_d0c0a' '-shared-libgcc' '-mtune=generic' '-march=x86-64'
 /usr/lib/gcc/x86_64-linux-gnu/9/collect2 -plugin /usr/lib/gcc/x86_64-linux-gnu/9/liblto_plugin.so -plugin-opt=/usr/lib/gcc/x86_64-linux-gnu/9/lto-wrapper -plugin-opt=-fresolution=/tmp/ccKOhbSM.res -plugin-opt=-pass-through=-lgcc_s -plugin-opt=-pass-through=-lgcc -plugin-opt=-pass-through=-lpthread -plugin-opt=-pass-through=-lc -plugin-opt=-pass-through=-lgcc_s -plugin-opt=-pass-through=-lgcc --build-id --eh-frame-hdr -m elf_x86_64 --hash-style=gnu --as-needed -dynamic-linker /lib64/ld-linux-x86-64.so.2 -pie -z now -z relro -o cmTC_d0c0a /usr/lib/gcc/x86_64-linux-gnu/9/../../../x86_64-linux-gnu/Scrt1.o /usr/lib/gcc/x86_64-linux-gnu/9/../../../x86_64-linux-gnu/crti.o /usr/lib/gcc/x86_64-linux-gnu/9/crtbeginS.o -L/usr/lib/gcc/x86_64-linux-gnu/9 -L/usr/lib/gcc/x86_64-linux-gnu/9/../../../x86_64-linux-gnu -L/usr/lib/gcc/x86_64-linux-gnu/9/../../../../lib -L/lib/x86_64-linux-gnu -L/lib/../lib -L/usr/lib/x86_64-linux-gnu -L/usr/lib/../lib -L/usr/lib/gcc/x86_64-linux-gnu/9/../../.. CMakeFiles/cmTC_d0c0a.dir/CMakeCXXCompilerABI.cpp.o -lstdc++ -lm -lgcc_s -lgcc -lpthread -lc -lgcc_s -lgcc /usr/lib/gcc/x86_64-linux-gnu/9/crtendS.o /usr/lib/gcc/x86_64-linux-gnu/9/../../../x86_64-linux-gnu/crtn.o
COLLECT_GCC_OPTIONS='-std=c++14' '-Wimplicit-fallthrough=0' '-Wno-noexcept-type' '-pipe' '-Wall' '-Wextra' '-Woverloaded-virtual' '-fsigned-char' '-pthread' '-D' '_GNU_SOURCE' '-D' '__STDC_CONSTANT_MACROS' '-D' '__STDC_FORMAT_MACROS' '-D' '__STDC_LIMIT_MACROS' '-fno-strict-aliasing' '-Wwrite-strings' '-Wno-shadow' '-Wno-unused-parameter' '-Wno-deprecated-declarations' '-fPIC' '-fno-rtti' '-v' '-o' 'cmTC_d0c0a' '-shared-libgcc' '-mtune=generic' '-march=x86-64'
make[4]: Leaving directory '/home/diagoras/root_cern/root/builddir/interpreter/cling/tools/plugins/clad/clad-prefix/src/clad-build/CMakeFiles/CMakeTmp'
make[3]: Leaving directory '/home/diagoras/root_cern/root/builddir/interpreter/cling/tools/plugins/clad/clad-prefix/src/clad-build/CMakeFiles/CMakeTmp'



Parsed CXX implicit include dir info from above output: rv=done
  found start of include info
  found start of implicit include info
    add: [/usr/include/c++/9]
    add: [/usr/include/x86_64-linux-gnu/c++/9]
    add: [/usr/include/c++/9/backward]
    add: [/usr/lib/gcc/x86_64-linux-gnu/9/include]
    add: [/usr/local/include]
    add: [/usr/include/x86_64-linux-gnu]
    add: [/usr/include]
  end of search list found
  collapse include dir [/usr/include/c++/9] ==> [/usr/include/c++/9]
  collapse include dir [/usr/include/x86_64-linux-gnu/c++/9] ==> [/usr/include/x86_64-linux-gnu/c++/9]
  collapse include dir [/usr/include/c++/9/backward] ==> [/usr/include/c++/9/backward]
  collapse include dir [/usr/lib/gcc/x86_64-linux-gnu/9/include] ==> [/usr/lib/gcc/x86_64-linux-gnu/9/include]
  collapse include dir [/usr/local/include] ==> [/usr/local/include]
  collapse include dir [/usr/include/x86_64-linux-gnu] ==> [/usr/include/x86_64-linux-gnu]
  collapse include dir [/usr/include] ==> [/usr/include]
  implicit include dirs: [/usr/include/c++/9;/usr/include/x86_64-linux-gnu/c++/9;/usr/include/c++/9/backward;/usr/lib/gcc/x86_64-linux-gnu/9/include;/usr/local/include;/usr/include/x86_64-linux-gnu;/usr/include]


Parsed CXX implicit link information from above output:
  link line regex: [^( *|.*[/\])(ld|CMAKE_LINK_STARTFILE-NOTFOUND|([^/\]+-)?ld|collect2)[^/\]*( |$)]
  ignore line: [Change Dir: /home/diagoras/root_cern/root/builddir/interpreter/cling/tools/plugins/clad/clad-prefix/src/clad-build/CMakeFiles/CMakeTmp]
  ignore line: []
  ignore line: [Run Build Command(s):/usr/bin/make cmTC_d0c0a/fast && make[3]: Entering directory '/home/diagoras/root_cern/root/builddir/interpreter/cling/tools/plugins/clad/clad-prefix/src/clad-build/CMakeFiles/CMakeTmp']
  ignore line: [/usr/bin/make -f CMakeFiles/cmTC_d0c0a.dir/build.make CMakeFiles/cmTC_d0c0a.dir/build]
  ignore line: [make[4]: Entering directory '/home/diagoras/root_cern/root/builddir/interpreter/cling/tools/plugins/clad/clad-prefix/src/clad-build/CMakeFiles/CMakeTmp']
  ignore line: [Building CXX object CMakeFiles/cmTC_d0c0a.dir/CMakeCXXCompilerABI.cpp.o]
  ignore line: [/usr/bin/c++    -std=c++14 -Wno-implicit-fallthrough -Wno-noexcept-type -pipe  -Wshadow -Wall -W -Woverloaded-virtual -fsigned-char -pthread   -D_GNU_SOURCE -D__STDC_CONSTANT_MACROS -D__STDC_FORMAT_MACROS -D__STDC_LIMIT_MACROS  -fno-strict-aliasing -Wwrite-strings -Wno-shadow -Wno-unused-parameter -Wno-deprecated-declarations -fPIC -fno-rtti    -v -o CMakeFiles/cmTC_d0c0a.dir/CMakeCXXCompilerABI.cpp.o -c /usr/share/cmake-3.16/Modules/CMakeCXXCompilerABI.cpp]
  ignore line: [Using built-in specs.]
  ignore line: [COLLECT_GCC=/usr/bin/c++]
  ignore line: [OFFLOAD_TARGET_NAMES=nvptx-none:hsa]
  ignore line: [OFFLOAD_TARGET_DEFAULT=1]
  ignore line: [Target: x86_64-linux-gnu]
  ignore line: [Configured with: ../src/configure -v --with-pkgversion='Ubuntu 9.3.0-17ubuntu1~20.04' --with-bugurl=file:///usr/share/doc/gcc-9/README.Bugs --enable-languages=c ada c++ go brig d fortran objc obj-c++ gm2 --prefix=/usr --with-gcc-major-version-only --program-suffix=-9 --program-prefix=x86_64-linux-gnu- --enable-shared --enable-linker-build-id --libexecdir=/usr/lib --without-included-gettext --enable-threads=posix --libdir=/usr/lib --enable-nls --enable-clocale=gnu --enable-libstdcxx-debug --enable-libstdcxx-time=yes --with-default-libstdcxx-abi=new --enable-gnu-unique-object --disable-vtable-verify --enable-plugin --enable-default-pie --with-system-zlib --with-target-system-zlib=auto --enable-objc-gc=auto --enable-multiarch --disable-werror --with-arch-32=i686 --with-abi=m64 --with-multilib-list=m32 m64 mx32 --enable-multilib --with-tune=generic --enable-offload-targets=nvptx-none=/build/gcc-9-HskZEa/gcc-9-9.3.0/debian/tmp-nvptx/usr hsa --without-cuda-driver --enable-checking=release --build=x86_64-linux-gnu --host=x86_64-linux-gnu --target=x86_64-linux-gnu]
  ignore line: [Thread model: posix]
  ignore line: [gcc version 9.3.0 (Ubuntu 9.3.0-17ubuntu1~20.04) ]
  ignore line: [COLLECT_GCC_OPTIONS='-std=c++14' '-Wimplicit-fallthrough=0' '-Wno-noexcept-type' '-pipe' '-Wall' '-Wextra' '-Woverloaded-virtual' '-fsigned-char' '-pthread' '-D' '_GNU_SOURCE' '-D' '__STDC_CONSTANT_MACROS' '-D' '__STDC_FORMAT_MACROS' '-D' '__STDC_LIMIT_MACROS' '-fno-strict-aliasing' '-Wwrite-strings' '-Wno-shadow' '-Wno-unused-parameter' '-Wno-deprecated-declarations' '-fPIC' '-fno-rtti' '-v' '-o' 'CMakeFiles/cmTC_d0c0a.dir/CMakeCXXCompilerABI.cpp.o' '-c' '-shared-libgcc' '-mtune=generic' '-march=x86-64']
  ignore line: [ /usr/lib/gcc/x86_64-linux-gnu/9/cc1plus -quiet -v -imultiarch x86_64-linux-gnu -D_GNU_SOURCE -D_REENTRANT -D _GNU_SOURCE -D __STDC_CONSTANT_MACROS -D __STDC_FORMAT_MACROS -D __STDC_LIMIT_MACROS /usr/share/cmake-3.16/Modules/CMakeCXXCompilerABI.cpp -quiet -dumpbase CMakeCXXCompilerABI.cpp -mtune=generic -march=x86-64 -auxbase-strip CMakeFiles/cmTC_d0c0a.dir/CMakeCXXCompilerABI.cpp.o -Wimplicit-fallthrough=0 -Wno-noexcept-type -Wall -Wextra -Woverloaded-virtual -Wwrite-strings -Wno-shadow -Wno-unused-parameter -Wno-deprecated-declarations -std=c++14 -version -fsigned-char -fno-strict-aliasing -fPIC -fno-rtti -fasynchronous-unwind-tables -fstack-protector-strong -Wformat-security -fstack-clash-protection -fcf-protection -o - |]
  ignore line: [ as -v --64 -o CMakeFiles/cmTC_d0c0a.dir/CMakeCXXCompilerABI.cpp.o]
  ignore line: [GNU assembler version 2.34 (x86_64-linux-gnu) using BFD version (GNU Binutils for Ubuntu) 2.34]
  ignore line: [GNU C++14 (Ubuntu 9.3.0-17ubuntu1~20.04) version 9.3.0 (x86_64-linux-gnu)]
  ignore line: [	compiled by GNU C version 9.3.0  GMP version 6.2.0  MPFR version 4.0.2  MPC version 1.1.0  isl version isl-0.22.1-GMP]
  ignore line: []
  ignore line: [GGC heuristics: --param ggc-min-expand=100 --param ggc-min-heapsize=131072]
  ignore line: [ignoring duplicate directory "/usr/include/x86_64-linux-gnu/c++/9"]
  ignore line: [ignoring nonexistent directory "/usr/local/include/x86_64-linux-gnu"]
  ignore line: [ignoring nonexistent directory "/usr/lib/gcc/x86_64-linux-gnu/9/include-fixed"]
  ignore line: [ignoring nonexistent directory "/usr/lib/gcc/x86_64-linux-gnu/9/../../../../x86_64-linux-gnu/include"]
  ignore line: [#include "..." search starts here:]
  ignore line: [#include <...> search starts here:]
  ignore line: [ /usr/include/c++/9]
  ignore line: [ /usr/include/x86_64-linux-gnu/c++/9]
  ignore line: [ /usr/include/c++/9/backward]
  ignore line: [ /usr/lib/gcc/x86_64-linux-gnu/9/include]
  ignore line: [ /usr/local/include]
  ignore line: [ /usr/include/x86_64-linux-gnu]
  ignore line: [ /usr/include]
  ignore line: [End of search list.]
  ignore line: [GNU C++14 (Ubuntu 9.3.0-17ubuntu1~20.04) version 9.3.0 (x86_64-linux-gnu)]
  ignore line: [	compiled by GNU C version 9.3.0  GMP version 6.2.0  MPFR version 4.0.2  MPC version 1.1.0  isl version isl-0.22.1-GMP]
  ignore line: []
  ignore line: [GGC heuristics: --param ggc-min-expand=100 --param ggc-min-heapsize=131072]
  ignore line: [Compiler executable checksum: 466f818abe2f30ba03783f22bd12d815]
  ignore line: [COMPILER_PATH=/usr/lib/gcc/x86_64-linux-gnu/9/:/usr/lib/gcc/x86_64-linux-gnu/9/:/usr/lib/gcc/x86_64-linux-gnu/:/usr/lib/gcc/x86_64-linux-gnu/9/:/usr/lib/gcc/x86_64-linux-gnu/]
  ignore line: [LIBRARY_PATH=/usr/lib/gcc/x86_64-linux-gnu/9/:/usr/lib/gcc/x86_64-linux-gnu/9/../../../x86_64-linux-gnu/:/usr/lib/gcc/x86_64-linux-gnu/9/../../../../lib/:/lib/x86_64-linux-gnu/:/lib/../lib/:/usr/lib/x86_64-linux-gnu/:/usr/lib/../lib/:/usr/lib/gcc/x86_64-linux-gnu/9/../../../:/lib/:/usr/lib/]
  ignore line: [COLLECT_GCC_OPTIONS='-std=c++14' '-Wimplicit-fallthrough=0' '-Wno-noexcept-type' '-pipe' '-Wall' '-Wextra' '-Woverloaded-virtual' '-fsigned-char' '-pthread' '-D' '_GNU_SOURCE' '-D' '__STDC_CONSTANT_MACROS' '-D' '__STDC_FORMAT_MACROS' '-D' '__STDC_LIMIT_MACROS' '-fno-strict-aliasing' '-Wwrite-strings' '-Wno-shadow' '-Wno-unused-parameter' '-Wno-deprecated-declarations' '-fPIC' '-fno-rtti' '-v' '-o' 'CMakeFiles/cmTC_d0c0a.dir/CMakeCXXCompilerABI.cpp.o' '-c' '-shared-libgcc' '-mtune=generic' '-march=x86-64']
  ignore line: [Linking CXX executable cmTC_d0c0a]
  ignore line: [/usr/bin/cmake -E cmake_link_script CMakeFiles/cmTC_d0c0a.dir/link.txt --verbose=1]
  ignore line: [/usr/bin/c++   -std=c++14 -Wno-implicit-fallthrough -Wno-noexcept-type -pipe  -Wshadow -Wall -W -Woverloaded-virtual -fsigned-char -pthread   -D_GNU_SOURCE -D__STDC_CONSTANT_MACROS -D__STDC_FORMAT_MACROS -D__STDC_LIMIT_MACROS  -fno-strict-aliasing -Wwrite-strings -Wno-shadow -Wno-unused-parameter -Wno-deprecated-declarations -fPIC -fno-rtti    -v CMakeFiles/cmTC_d0c0a.dir/CMakeCXXCompilerABI.cpp.o  -o cmTC_d0c0a ]
  ignore line: [Using built-in specs.]
  ignore line: [COLLECT_GCC=/usr/bin/c++]
  ignore line: [COLLECT_LTO_WRAPPER=/usr/lib/gcc/x86_64-linux-gnu/9/lto-wrapper]
  ignore line: [OFFLOAD_TARGET_NAMES=nvptx-none:hsa]
  ignore line: [OFFLOAD_TARGET_DEFAULT=1]
  ignore line: [Target: x86_64-linux-gnu]
  ignore line: [Configured with: ../src/configure -v --with-pkgversion='Ubuntu 9.3.0-17ubuntu1~20.04' --with-bugurl=file:///usr/share/doc/gcc-9/README.Bugs --enable-languages=c ada c++ go brig d fortran objc obj-c++ gm2 --prefix=/usr --with-gcc-major-version-only --program-suffix=-9 --program-prefix=x86_64-linux-gnu- --enable-shared --enable-linker-build-id --libexecdir=/usr/lib --without-included-gettext --enable-threads=posix --libdir=/usr/lib --enable-nls --enable-clocale=gnu --enable-libstdcxx-debug --enable-libstdcxx-time=yes --with-default-libstdcxx-abi=new --enable-gnu-unique-object --disable-vtable-verify --enable-plugin --enable-default-pie --with-system-zlib --with-target-system-zlib=auto --enable-objc-gc=auto --enable-multiarch --disable-werror --with-arch-32=i686 --with-abi=m64 --with-multilib-list=m32 m64 mx32 --enable-multilib --with-tune=generic --enable-offload-targets=nvptx-none=/build/gcc-9-HskZEa/gcc-9-9.3.0/debian/tmp-nvptx/usr hsa --without-cuda-driver --enable-checking=release --build=x86_64-linux-gnu --host=x86_64-linux-gnu --target=x86_64-linux-gnu]
  ignore line: [Thread model: posix]
  ignore line: [gcc version 9.3.0 (Ubuntu 9.3.0-17ubuntu1~20.04) ]
  ignore line: [COMPILER_PATH=/usr/lib/gcc/x86_64-linux-gnu/9/:/usr/lib/gcc/x86_64-linux-gnu/9/:/usr/lib/gcc/x86_64-linux-gnu/:/usr/lib/gcc/x86_64-linux-gnu/9/:/usr/lib/gcc/x86_64-linux-gnu/]
  ignore line: [LIBRARY_PATH=/usr/lib/gcc/x86_64-linux-gnu/9/:/usr/lib/gcc/x86_64-linux-gnu/9/../../../x86_64-linux-gnu/:/usr/lib/gcc/x86_64-linux-gnu/9/../../../../lib/:/lib/x86_64-linux-gnu/:/lib/../lib/:/usr/lib/x86_64-linux-gnu/:/usr/lib/../lib/:/usr/lib/gcc/x86_64-linux-gnu/9/../../../:/lib/:/usr/lib/]
  ignore line: [COLLECT_GCC_OPTIONS='-std=c++14' '-Wimplicit-fallthrough=0' '-Wno-noexcept-type' '-pipe' '-Wall' '-Wextra' '-Woverloaded-virtual' '-fsigned-char' '-pthread' '-D' '_GNU_SOURCE' '-D' '__STDC_CONSTANT_MACROS' '-D' '__STDC_FORMAT_MACROS' '-D' '__STDC_LIMIT_MACROS' '-fno-strict-aliasing' '-Wwrite-strings' '-Wno-shadow' '-Wno-unused-parameter' '-Wno-deprecated-declarations' '-fPIC' '-fno-rtti' '-v' '-o' 'cmTC_d0c0a' '-shared-libgcc' '-mtune=generic' '-march=x86-64']
  link line: [ /usr/lib/gcc/x86_64-linux-gnu/9/collect2 -plugin /usr/lib/gcc/x86_64-linux-gnu/9/liblto_plugin.so -plugin-opt=/usr/lib/gcc/x86_64-linux-gnu/9/lto-wrapper -plugin-opt=-fresolution=/tmp/ccKOhbSM.res -plugin-opt=-pass-through=-lgcc_s -plugin-opt=-pass-through=-lgcc -plugin-opt=-pass-through=-lpthread -plugin-opt=-pass-through=-lc -plugin-opt=-pass-through=-lgcc_s -plugin-opt=-pass-through=-lgcc --build-id --eh-frame-hdr -m elf_x86_64 --hash-style=gnu --as-needed -dynamic-linker /lib64/ld-linux-x86-64.so.2 -pie -z now -z relro -o cmTC_d0c0a /usr/lib/gcc/x86_64-linux-gnu/9/../../../x86_64-linux-gnu/Scrt1.o /usr/lib/gcc/x86_64-linux-gnu/9/../../../x86_64-linux-gnu/crti.o /usr/lib/gcc/x86_64-linux-gnu/9/crtbeginS.o -L/usr/lib/gcc/x86_64-linux-gnu/9 -L/usr/lib/gcc/x86_64-linux-gnu/9/../../../x86_64-linux-gnu -L/usr/lib/gcc/x86_64-linux-gnu/9/../../../../lib -L/lib/x86_64-linux-gnu -L/lib/../lib -L/usr/lib/x86_64-linux-gnu -L/usr/lib/../lib -L/usr/lib/gcc/x86_64-linux-gnu/9/../../.. CMakeFiles/cmTC_d0c0a.dir/CMakeCXXCompilerABI.cpp.o -lstdc++ -lm -lgcc_s -lgcc -lpthread -lc -lgcc_s -lgcc /usr/lib/gcc/x86_64-linux-gnu/9/crtendS.o /usr/lib/gcc/x86_64-linux-gnu/9/../../../x86_64-linux-gnu/crtn.o]
    arg [/usr/lib/gcc/x86_64-linux-gnu/9/collect2] ==> ignore
    arg [-plugin] ==> ignore
    arg [/usr/lib/gcc/x86_64-linux-gnu/9/liblto_plugin.so] ==> ignore
    arg [-plugin-opt=/usr/lib/gcc/x86_64-linux-gnu/9/lto-wrapper] ==> ignore
    arg [-plugin-opt=-fresolution=/tmp/ccKOhbSM.res] ==> ignore
    arg [-plugin-opt=-pass-through=-lgcc_s] ==> ignore
    arg [-plugin-opt=-pass-through=-lgcc] ==> ignore
    arg [-plugin-opt=-pass-through=-lpthread] ==> ignore
    arg [-plugin-opt=-pass-through=-lc] ==> ignore
    arg [-plugin-opt=-pass-through=-lgcc_s] ==> ignore
    arg [-plugin-opt=-pass-through=-lgcc] ==> ignore
    arg [--build-id] ==> ignore
    arg [--eh-frame-hdr] ==> ignore
    arg [-m] ==> ignore
    arg [elf_x86_64] ==> ignore
    arg [--hash-style=gnu] ==> ignore
    arg [--as-needed] ==> ignore
    arg [-dynamic-linker] ==> ignore
    arg [/lib64/ld-linux-x86-64.so.2] ==> ignore
    arg [-pie] ==> ignore
    arg [-znow] ==> ignore
    arg [-zrelro] ==> ignore
    arg [-o] ==> ignore
    arg [cmTC_d0c0a] ==> ignore
    arg [/usr/lib/gcc/x86_64-linux-gnu/9/../../../x86_64-linux-gnu/Scrt1.o] ==> ignore
    arg [/usr/lib/gcc/x86_64-linux-gnu/9/../../../x86_64-linux-gnu/crti.o] ==> ignore
    arg [/usr/lib/gcc/x86_64-linux-gnu/9/crtbeginS.o] ==> ignore
    arg [-L/usr/lib/gcc/x86_64-linux-gnu/9] ==> dir [/usr/lib/gcc/x86_64-linux-gnu/9]
    arg [-L/usr/lib/gcc/x86_64-linux-gnu/9/../../../x86_64-linux-gnu] ==> dir [/usr/lib/gcc/x86_64-linux-gnu/9/../../../x86_64-linux-gnu]
    arg [-L/usr/lib/gcc/x86_64-linux-gnu/9/../../../../lib] ==> dir [/usr/lib/gcc/x86_64-linux-gnu/9/../../../../lib]
    arg [-L/lib/x86_64-linux-gnu] ==> dir [/lib/x86_64-linux-gnu]
    arg [-L/lib/../lib] ==> dir [/lib/../lib]
    arg [-L/usr/lib/x86_64-linux-gnu] ==> dir [/usr/lib/x86_64-linux-gnu]
    arg [-L/usr/lib/../lib] ==> dir [/usr/lib/../lib]
    arg [-L/usr/lib/gcc/x86_64-linux-gnu/9/../../..] ==> dir [/usr/lib/gcc/x86_64-linux-gnu/9/../../..]
    arg [CMakeFiles/cmTC_d0c0a.dir/CMakeCXXCompilerABI.cpp.o] ==> ignore
    arg [-lstdc++] ==> lib [stdc++]
    arg [-lm] ==> lib [m]
    arg [-lgcc_s] ==> lib [gcc_s]
    arg [-lgcc] ==> lib [gcc]
    arg [-lpthread] ==> lib [pthread]
    arg [-lc] ==> lib [c]
    arg [-lgcc_s] ==> lib [gcc_s]
    arg [-lgcc] ==> lib [gcc]
    arg [/usr/lib/gcc/x86_64-linux-gnu/9/crtendS.o] ==> ignore
    arg [/usr/lib/gcc/x86_64-linux-gnu/9/../../../x86_64-linux-gnu/crtn.o] ==> ignore
  collapse library dir [/usr/lib/gcc/x86_64-linux-gnu/9] ==> [/usr/lib/gcc/x86_64-linux-gnu/9]
  collapse library dir [/usr/lib/gcc/x86_64-linux-gnu/9/../../../x86_64-linux-gnu] ==> [/usr/lib/x86_64-linux-gnu]
  collapse library dir [/usr/lib/gcc/x86_64-linux-gnu/9/../../../../lib] ==> [/usr/lib]
  collapse library dir [/lib/x86_64-linux-gnu] ==> [/lib/x86_64-linux-gnu]
  collapse library dir [/lib/../lib] ==> [/lib]
  collapse library dir [/usr/lib/x86_64-linux-gnu] ==> [/usr/lib/x86_64-linux-gnu]
  collapse library dir [/usr/lib/../lib] ==> [/usr/lib]
  collapse library dir [/usr/lib/gcc/x86_64-linux-gnu/9/../../..] ==> [/usr/lib]
  implicit libs: [stdc++;m;gcc_s;gcc;pthread;c;gcc_s;gcc]
  implicit dirs: [/usr/lib/gcc/x86_64-linux-gnu/9;/usr/lib/x86_64-linux-gnu;/usr/lib;/lib/x86_64-linux-gnu;/lib]
  implicit fwks: []


Performing C SOURCE FILE Test C_SUPPORTS_FPIC succeeded with the following output:
Change Dir: /home/diagoras/root_cern/root/builddir/interpreter/cling/tools/plugins/clad/clad-prefix/src/clad-build/CMakeFiles/CMakeTmp

Run Build Command(s):/usr/bin/make cmTC_4fd8c/fast && make[3]: Entering directory '/home/diagoras/root_cern/root/builddir/interpreter/cling/tools/plugins/clad/clad-prefix/src/clad-build/CMakeFiles/CMakeTmp'
/usr/bin/make -f CMakeFiles/cmTC_4fd8c.dir/build.make CMakeFiles/cmTC_4fd8c.dir/build
make[4]: Entering directory '/home/diagoras/root_cern/root/builddir/interpreter/cling/tools/plugins/clad/clad-prefix/src/clad-build/CMakeFiles/CMakeTmp'
Building C object CMakeFiles/cmTC_4fd8c.dir/src.c.o
/usr/bin/cc   -Wno-implicit-fallthrough -pipe -Wall -W -pthread -fPIC -DC_SUPPORTS_FPIC   -Werror -fPIC -o CMakeFiles/cmTC_4fd8c.dir/src.c.o   -c /home/diagoras/root_cern/root/builddir/interpreter/cling/tools/plugins/clad/clad-prefix/src/clad-build/CMakeFiles/CMakeTmp/src.c
Linking C executable cmTC_4fd8c
/usr/bin/cmake -E cmake_link_script CMakeFiles/cmTC_4fd8c.dir/link.txt --verbose=1
/usr/bin/cc  -Wno-implicit-fallthrough -pipe -Wall -W -pthread -fPIC -DC_SUPPORTS_FPIC    CMakeFiles/cmTC_4fd8c.dir/src.c.o  -o cmTC_4fd8c 
make[4]: Leaving directory '/home/diagoras/root_cern/root/builddir/interpreter/cling/tools/plugins/clad/clad-prefix/src/clad-build/CMakeFiles/CMakeTmp'
make[3]: Leaving directory '/home/diagoras/root_cern/root/builddir/interpreter/cling/tools/plugins/clad/clad-prefix/src/clad-build/CMakeFiles/CMakeTmp'


Source file was:
int main(void) { return 0; }
Performing C++ SOURCE FILE Test CXX_SUPPORTS_FPIC succeeded with the following output:
Change Dir: /home/diagoras/root_cern/root/builddir/interpreter/cling/tools/plugins/clad/clad-prefix/src/clad-build/CMakeFiles/CMakeTmp

Run Build Command(s):/usr/bin/make cmTC_915ba/fast && make[3]: Entering directory '/home/diagoras/root_cern/root/builddir/interpreter/cling/tools/plugins/clad/clad-prefix/src/clad-build/CMakeFiles/CMakeTmp'
/usr/bin/make -f CMakeFiles/cmTC_915ba.dir/build.make CMakeFiles/cmTC_915ba.dir/build
make[4]: Entering directory '/home/diagoras/root_cern/root/builddir/interpreter/cling/tools/plugins/clad/clad-prefix/src/clad-build/CMakeFiles/CMakeTmp'
Building CXX object CMakeFiles/cmTC_915ba.dir/src.cxx.o
/usr/bin/c++    -std=c++14 -Wno-implicit-fallthrough -Wno-noexcept-type -pipe  -Wshadow -Wall -W -Woverloaded-virtual -fsigned-char -pthread   -D_GNU_SOURCE -D__STDC_CONSTANT_MACROS -D__STDC_FORMAT_MACROS -D__STDC_LIMIT_MACROS  -fno-strict-aliasing -Wwrite-strings -Wno-shadow -Wno-unused-parameter -Wno-deprecated-declarations -fPIC -fno-rtti -DCXX_SUPPORTS_FPIC   -Werror -fPIC -o CMakeFiles/cmTC_915ba.dir/src.cxx.o -c /home/diagoras/root_cern/root/builddir/interpreter/cling/tools/plugins/clad/clad-prefix/src/clad-build/CMakeFiles/CMakeTmp/src.cxx
Linking CXX executable cmTC_915ba
/usr/bin/cmake -E cmake_link_script CMakeFiles/cmTC_915ba.dir/link.txt --verbose=1
/usr/bin/c++   -std=c++14 -Wno-implicit-fallthrough -Wno-noexcept-type -pipe  -Wshadow -Wall -W -Woverloaded-virtual -fsigned-char -pthread   -D_GNU_SOURCE -D__STDC_CONSTANT_MACROS -D__STDC_FORMAT_MACROS -D__STDC_LIMIT_MACROS  -fno-strict-aliasing -Wwrite-strings -Wno-shadow -Wno-unused-parameter -Wno-deprecated-declarations -fPIC -fno-rtti -DCXX_SUPPORTS_FPIC    CMakeFiles/cmTC_915ba.dir/src.cxx.o  -o cmTC_915ba 
make[4]: Leaving directory '/home/diagoras/root_cern/root/builddir/interpreter/cling/tools/plugins/clad/clad-prefix/src/clad-build/CMakeFiles/CMakeTmp'
make[3]: Leaving directory '/home/diagoras/root_cern/root/builddir/interpreter/cling/tools/plugins/clad/clad-prefix/src/clad-build/CMakeFiles/CMakeTmp'


Source file was:
int main() { return 0; }
Performing C++ SOURCE FILE Test SUPPORTS_FVISIBILITY_INLINES_HIDDEN_FLAG succeeded with the following output:
Change Dir: /home/diagoras/root_cern/root/builddir/interpreter/cling/tools/plugins/clad/clad-prefix/src/clad-build/CMakeFiles/CMakeTmp

Run Build Command(s):/usr/bin/make cmTC_95ef9/fast && make[3]: Entering directory '/home/diagoras/root_cern/root/builddir/interpreter/cling/tools/plugins/clad/clad-prefix/src/clad-build/CMakeFiles/CMakeTmp'
/usr/bin/make -f CMakeFiles/cmTC_95ef9.dir/build.make CMakeFiles/cmTC_95ef9.dir/build
make[4]: Entering directory '/home/diagoras/root_cern/root/builddir/interpreter/cling/tools/plugins/clad/clad-prefix/src/clad-build/CMakeFiles/CMakeTmp'
Building CXX object CMakeFiles/cmTC_95ef9.dir/src.cxx.o
/usr/bin/c++    -std=c++14 -Wno-implicit-fallthrough -Wno-noexcept-type -pipe  -Wshadow -Wall -W -Woverloaded-virtual -fsigned-char -pthread   -D_GNU_SOURCE -D__STDC_CONSTANT_MACROS -D__STDC_FORMAT_MACROS -D__STDC_LIMIT_MACROS  -fno-strict-aliasing -Wwrite-strings -Wno-shadow -Wno-unused-parameter -Wno-deprecated-declarations -fPIC -fno-rtti -fPIC -DSUPPORTS_FVISIBILITY_INLINES_HIDDEN_FLAG   -fvisibility-inlines-hidden -o CMakeFiles/cmTC_95ef9.dir/src.cxx.o -c /home/diagoras/root_cern/root/builddir/interpreter/cling/tools/plugins/clad/clad-prefix/src/clad-build/CMakeFiles/CMakeTmp/src.cxx
Linking CXX executable cmTC_95ef9
/usr/bin/cmake -E cmake_link_script CMakeFiles/cmTC_95ef9.dir/link.txt --verbose=1
/usr/bin/c++   -std=c++14 -Wno-implicit-fallthrough -Wno-noexcept-type -pipe  -Wshadow -Wall -W -Woverloaded-virtual -fsigned-char -pthread   -D_GNU_SOURCE -D__STDC_CONSTANT_MACROS -D__STDC_FORMAT_MACROS -D__STDC_LIMIT_MACROS  -fno-strict-aliasing -Wwrite-strings -Wno-shadow -Wno-unused-parameter -Wno-deprecated-declarations -fPIC -fno-rtti -fPIC -DSUPPORTS_FVISIBILITY_INLINES_HIDDEN_FLAG    CMakeFiles/cmTC_95ef9.dir/src.cxx.o  -o cmTC_95ef9 
make[4]: Leaving directory '/home/diagoras/root_cern/root/builddir/interpreter/cling/tools/plugins/clad/clad-prefix/src/clad-build/CMakeFiles/CMakeTmp'
make[3]: Leaving directory '/home/diagoras/root_cern/root/builddir/interpreter/cling/tools/plugins/clad/clad-prefix/src/clad-build/CMakeFiles/CMakeTmp'


Source file was:
int main() { return 0; }
Performing C SOURCE FILE Test C_SUPPORTS_WERROR_DATE_TIME succeeded with the following output:
Change Dir: /home/diagoras/root_cern/root/builddir/interpreter/cling/tools/plugins/clad/clad-prefix/src/clad-build/CMakeFiles/CMakeTmp

Run Build Command(s):/usr/bin/make cmTC_10e4e/fast && make[3]: Entering directory '/home/diagoras/root_cern/root/builddir/interpreter/cling/tools/plugins/clad/clad-prefix/src/clad-build/CMakeFiles/CMakeTmp'
/usr/bin/make -f CMakeFiles/cmTC_10e4e.dir/build.make CMakeFiles/cmTC_10e4e.dir/build
make[4]: Entering directory '/home/diagoras/root_cern/root/builddir/interpreter/cling/tools/plugins/clad/clad-prefix/src/clad-build/CMakeFiles/CMakeTmp'
Building C object CMakeFiles/cmTC_10e4e.dir/src.c.o
/usr/bin/cc   -Wno-implicit-fallthrough -pipe -Wall -W -pthread -fPIC -fPIC -DC_SUPPORTS_WERROR_DATE_TIME   -Werror -Werror=date-time -o CMakeFiles/cmTC_10e4e.dir/src.c.o   -c /home/diagoras/root_cern/root/builddir/interpreter/cling/tools/plugins/clad/clad-prefix/src/clad-build/CMakeFiles/CMakeTmp/src.c
Linking C executable cmTC_10e4e
/usr/bin/cmake -E cmake_link_script CMakeFiles/cmTC_10e4e.dir/link.txt --verbose=1
/usr/bin/cc  -Wno-implicit-fallthrough -pipe -Wall -W -pthread -fPIC -fPIC -DC_SUPPORTS_WERROR_DATE_TIME    CMakeFiles/cmTC_10e4e.dir/src.c.o  -o cmTC_10e4e 
make[4]: Leaving directory '/home/diagoras/root_cern/root/builddir/interpreter/cling/tools/plugins/clad/clad-prefix/src/clad-build/CMakeFiles/CMakeTmp'
make[3]: Leaving directory '/home/diagoras/root_cern/root/builddir/interpreter/cling/tools/plugins/clad/clad-prefix/src/clad-build/CMakeFiles/CMakeTmp'


Source file was:
int main(void) { return 0; }
Performing C++ SOURCE FILE Test CXX_SUPPORTS_WERROR_DATE_TIME succeeded with the following output:
Change Dir: /home/diagoras/root_cern/root/builddir/interpreter/cling/tools/plugins/clad/clad-prefix/src/clad-build/CMakeFiles/CMakeTmp

Run Build Command(s):/usr/bin/make cmTC_c687d/fast && make[3]: Entering directory '/home/diagoras/root_cern/root/builddir/interpreter/cling/tools/plugins/clad/clad-prefix/src/clad-build/CMakeFiles/CMakeTmp'
/usr/bin/make -f CMakeFiles/cmTC_c687d.dir/build.make CMakeFiles/cmTC_c687d.dir/build
make[4]: Entering directory '/home/diagoras/root_cern/root/builddir/interpreter/cling/tools/plugins/clad/clad-prefix/src/clad-build/CMakeFiles/CMakeTmp'
Building CXX object CMakeFiles/cmTC_c687d.dir/src.cxx.o
/usr/bin/c++    -std=c++14 -Wno-implicit-fallthrough -Wno-noexcept-type -pipe  -Wshadow -Wall -W -Woverloaded-virtual -fsigned-char -pthread   -D_GNU_SOURCE -D__STDC_CONSTANT_MACROS -D__STDC_FORMAT_MACROS -D__STDC_LIMIT_MACROS  -fno-strict-aliasing -Wwrite-strings -Wno-shadow -Wno-unused-parameter -Wno-deprecated-declarations -fPIC -fno-rtti -fPIC -fvisibility-inlines-hidden -DCXX_SUPPORTS_WERROR_DATE_TIME   -Werror -Werror=date-time -o CMakeFiles/cmTC_c687d.dir/src.cxx.o -c /home/diagoras/root_cern/root/builddir/interpreter/cling/tools/plugins/clad/clad-prefix/src/clad-build/CMakeFiles/CMakeTmp/src.cxx
Linking CXX executable cmTC_c687d
/usr/bin/cmake -E cmake_link_script CMakeFiles/cmTC_c687d.dir/link.txt --verbose=1
/usr/bin/c++   -std=c++14 -Wno-implicit-fallthrough -Wno-noexcept-type -pipe  -Wshadow -Wall -W -Woverloaded-virtual -fsigned-char -pthread   -D_GNU_SOURCE -D__STDC_CONSTANT_MACROS -D__STDC_FORMAT_MACROS -D__STDC_LIMIT_MACROS  -fno-strict-aliasing -Wwrite-strings -Wno-shadow -Wno-unused-parameter -Wno-deprecated-declarations -fPIC -fno-rtti -fPIC -fvisibility-inlines-hidden -DCXX_SUPPORTS_WERROR_DATE_TIME    CMakeFiles/cmTC_c687d.dir/src.cxx.o  -o cmTC_c687d 
make[4]: Leaving directory '/home/diagoras/root_cern/root/builddir/interpreter/cling/tools/plugins/clad/clad-prefix/src/clad-build/CMakeFiles/CMakeTmp'
make[3]: Leaving directory '/home/diagoras/root_cern/root/builddir/interpreter/cling/tools/plugins/clad/clad-prefix/src/clad-build/CMakeFiles/CMakeTmp'


Source file was:
int main() { return 0; }
Performing C++ SOURCE FILE Test CXX_SUPPORTS_CXX_STD succeeded with the following output:
Change Dir: /home/diagoras/root_cern/root/builddir/interpreter/cling/tools/plugins/clad/clad-prefix/src/clad-build/CMakeFiles/CMakeTmp

Run Build Command(s):/usr/bin/make cmTC_d640b/fast && make[3]: Entering directory '/home/diagoras/root_cern/root/builddir/interpreter/cling/tools/plugins/clad/clad-prefix/src/clad-build/CMakeFiles/CMakeTmp'
/usr/bin/make -f CMakeFiles/cmTC_d640b.dir/build.make CMakeFiles/cmTC_d640b.dir/build
make[4]: Entering directory '/home/diagoras/root_cern/root/builddir/interpreter/cling/tools/plugins/clad/clad-prefix/src/clad-build/CMakeFiles/CMakeTmp'
Building CXX object CMakeFiles/cmTC_d640b.dir/src.cxx.o
/usr/bin/c++    -std=c++14 -Wno-implicit-fallthrough -Wno-noexcept-type -pipe  -Wshadow -Wall -W -Woverloaded-virtual -fsigned-char -pthread   -D_GNU_SOURCE -D__STDC_CONSTANT_MACROS -D__STDC_FORMAT_MACROS -D__STDC_LIMIT_MACROS  -fno-strict-aliasing -Wwrite-strings -Wno-shadow -Wno-unused-parameter -Wno-deprecated-declarations -fPIC -fno-rtti -fPIC -fvisibility-inlines-hidden -Werror=date-time -DCXX_SUPPORTS_CXX_STD   -std=c++11 -o CMakeFiles/cmTC_d640b.dir/src.cxx.o -c /home/diagoras/root_cern/root/builddir/interpreter/cling/tools/plugins/clad/clad-prefix/src/clad-build/CMakeFiles/CMakeTmp/src.cxx
Linking CXX executable cmTC_d640b
/usr/bin/cmake -E cmake_link_script CMakeFiles/cmTC_d640b.dir/link.txt --verbose=1
/usr/bin/c++   -std=c++14 -Wno-implicit-fallthrough -Wno-noexcept-type -pipe  -Wshadow -Wall -W -Woverloaded-virtual -fsigned-char -pthread   -D_GNU_SOURCE -D__STDC_CONSTANT_MACROS -D__STDC_FORMAT_MACROS -D__STDC_LIMIT_MACROS  -fno-strict-aliasing -Wwrite-strings -Wno-shadow -Wno-unused-parameter -Wno-deprecated-declarations -fPIC -fno-rtti -fPIC -fvisibility-inlines-hidden -Werror=date-time -DCXX_SUPPORTS_CXX_STD    CMakeFiles/cmTC_d640b.dir/src.cxx.o  -o cmTC_d640b 
make[4]: Leaving directory '/home/diagoras/root_cern/root/builddir/interpreter/cling/tools/plugins/clad/clad-prefix/src/clad-build/CMakeFiles/CMakeTmp'
make[3]: Leaving directory '/home/diagoras/root_cern/root/builddir/interpreter/cling/tools/plugins/clad/clad-prefix/src/clad-build/CMakeFiles/CMakeTmp'


Source file was:
int main() { return 0; }
Performing C SOURCE FILE Test C_SUPPORTS_FNO_FUNCTION_SECTIONS succeeded with the following output:
Change Dir: /home/diagoras/root_cern/root/builddir/interpreter/cling/tools/plugins/clad/clad-prefix/src/clad-build/CMakeFiles/CMakeTmp

Run Build Command(s):/usr/bin/make cmTC_97359/fast && make[3]: Entering directory '/home/diagoras/root_cern/root/builddir/interpreter/cling/tools/plugins/clad/clad-prefix/src/clad-build/CMakeFiles/CMakeTmp'
/usr/bin/make -f CMakeFiles/cmTC_97359.dir/build.make CMakeFiles/cmTC_97359.dir/build
make[4]: Entering directory '/home/diagoras/root_cern/root/builddir/interpreter/cling/tools/plugins/clad/clad-prefix/src/clad-build/CMakeFiles/CMakeTmp'
Building C object CMakeFiles/cmTC_97359.dir/src.c.o
/usr/bin/cc   -Wno-implicit-fallthrough -pipe -Wall -W -pthread -fPIC -fPIC -Werror=date-time -w -DC_SUPPORTS_FNO_FUNCTION_SECTIONS   -Werror -fno-function-sections -o CMakeFiles/cmTC_97359.dir/src.c.o   -c /home/diagoras/root_cern/root/builddir/interpreter/cling/tools/plugins/clad/clad-prefix/src/clad-build/CMakeFiles/CMakeTmp/src.c
Linking C executable cmTC_97359
/usr/bin/cmake -E cmake_link_script CMakeFiles/cmTC_97359.dir/link.txt --verbose=1
/usr/bin/cc  -Wno-implicit-fallthrough -pipe -Wall -W -pthread -fPIC -fPIC -Werror=date-time -w -DC_SUPPORTS_FNO_FUNCTION_SECTIONS    CMakeFiles/cmTC_97359.dir/src.c.o  -o cmTC_97359 
make[4]: Leaving directory '/home/diagoras/root_cern/root/builddir/interpreter/cling/tools/plugins/clad/clad-prefix/src/clad-build/CMakeFiles/CMakeTmp'
make[3]: Leaving directory '/home/diagoras/root_cern/root/builddir/interpreter/cling/tools/plugins/clad/clad-prefix/src/clad-build/CMakeFiles/CMakeTmp'


Source file was:
int main(void) { return 0; }
Performing C SOURCE FILE Test C_SUPPORTS_FFUNCTION_SECTIONS succeeded with the following output:
Change Dir: /home/diagoras/root_cern/root/builddir/interpreter/cling/tools/plugins/clad/clad-prefix/src/clad-build/CMakeFiles/CMakeTmp

Run Build Command(s):/usr/bin/make cmTC_32ad0/fast && make[3]: Entering directory '/home/diagoras/root_cern/root/builddir/interpreter/cling/tools/plugins/clad/clad-prefix/src/clad-build/CMakeFiles/CMakeTmp'
/usr/bin/make -f CMakeFiles/cmTC_32ad0.dir/build.make CMakeFiles/cmTC_32ad0.dir/build
make[4]: Entering directory '/home/diagoras/root_cern/root/builddir/interpreter/cling/tools/plugins/clad/clad-prefix/src/clad-build/CMakeFiles/CMakeTmp'
Building C object CMakeFiles/cmTC_32ad0.dir/src.c.o
/usr/bin/cc   -Wno-implicit-fallthrough -pipe -Wall -W -pthread -fPIC -fPIC -Werror=date-time -w -DC_SUPPORTS_FFUNCTION_SECTIONS   -Werror -ffunction-sections -o CMakeFiles/cmTC_32ad0.dir/src.c.o   -c /home/diagoras/root_cern/root/builddir/interpreter/cling/tools/plugins/clad/clad-prefix/src/clad-build/CMakeFiles/CMakeTmp/src.c
Linking C executable cmTC_32ad0
/usr/bin/cmake -E cmake_link_script CMakeFiles/cmTC_32ad0.dir/link.txt --verbose=1
/usr/bin/cc  -Wno-implicit-fallthrough -pipe -Wall -W -pthread -fPIC -fPIC -Werror=date-time -w -DC_SUPPORTS_FFUNCTION_SECTIONS    CMakeFiles/cmTC_32ad0.dir/src.c.o  -o cmTC_32ad0 
make[4]: Leaving directory '/home/diagoras/root_cern/root/builddir/interpreter/cling/tools/plugins/clad/clad-prefix/src/clad-build/CMakeFiles/CMakeTmp'
make[3]: Leaving directory '/home/diagoras/root_cern/root/builddir/interpreter/cling/tools/plugins/clad/clad-prefix/src/clad-build/CMakeFiles/CMakeTmp'


Source file was:
int main(void) { return 0; }
Performing C++ SOURCE FILE Test CXX_SUPPORTS_FFUNCTION_SECTIONS succeeded with the following output:
Change Dir: /home/diagoras/root_cern/root/builddir/interpreter/cling/tools/plugins/clad/clad-prefix/src/clad-build/CMakeFiles/CMakeTmp

Run Build Command(s):/usr/bin/make cmTC_ec0d0/fast && make[3]: Entering directory '/home/diagoras/root_cern/root/builddir/interpreter/cling/tools/plugins/clad/clad-prefix/src/clad-build/CMakeFiles/CMakeTmp'
/usr/bin/make -f CMakeFiles/cmTC_ec0d0.dir/build.make CMakeFiles/cmTC_ec0d0.dir/build
make[4]: Entering directory '/home/diagoras/root_cern/root/builddir/interpreter/cling/tools/plugins/clad/clad-prefix/src/clad-build/CMakeFiles/CMakeTmp'
Building CXX object CMakeFiles/cmTC_ec0d0.dir/src.cxx.o
/usr/bin/c++    -std=c++14 -Wno-implicit-fallthrough -Wno-noexcept-type -pipe  -Wshadow -Wall -W -Woverloaded-virtual -fsigned-char -pthread   -D_GNU_SOURCE -D__STDC_CONSTANT_MACROS -D__STDC_FORMAT_MACROS -D__STDC_LIMIT_MACROS  -fno-strict-aliasing -Wwrite-strings -Wno-shadow -Wno-unused-parameter -Wno-deprecated-declarations -fPIC -fno-rtti -fPIC -fvisibility-inlines-hidden -Werror=date-time -std=c++11 -w -DCXX_SUPPORTS_FFUNCTION_SECTIONS   -Werror -ffunction-sections -o CMakeFiles/cmTC_ec0d0.dir/src.cxx.o -c /home/diagoras/root_cern/root/builddir/interpreter/cling/tools/plugins/clad/clad-prefix/src/clad-build/CMakeFiles/CMakeTmp/src.cxx
Linking CXX executable cmTC_ec0d0
/usr/bin/cmake -E cmake_link_script CMakeFiles/cmTC_ec0d0.dir/link.txt --verbose=1
/usr/bin/c++   -std=c++14 -Wno-implicit-fallthrough -Wno-noexcept-type -pipe  -Wshadow -Wall -W -Woverloaded-virtual -fsigned-char -pthread   -D_GNU_SOURCE -D__STDC_CONSTANT_MACROS -D__STDC_FORMAT_MACROS -D__STDC_LIMIT_MACROS  -fno-strict-aliasing -Wwrite-strings -Wno-shadow -Wno-unused-parameter -Wno-deprecated-declarations -fPIC -fno-rtti -fPIC -fvisibility-inlines-hidden -Werror=date-time -std=c++11 -w -DCXX_SUPPORTS_FFUNCTION_SECTIONS    CMakeFiles/cmTC_ec0d0.dir/src.cxx.o  -o cmTC_ec0d0 
make[4]: Leaving directory '/home/diagoras/root_cern/root/builddir/interpreter/cling/tools/plugins/clad/clad-prefix/src/clad-build/CMakeFiles/CMakeTmp'
make[3]: Leaving directory '/home/diagoras/root_cern/root/builddir/interpreter/cling/tools/plugins/clad/clad-prefix/src/clad-build/CMakeFiles/CMakeTmp'


Source file was:
int main() { return 0; }
Performing C SOURCE FILE Test C_SUPPORTS_FDATA_SECTIONS succeeded with the following output:
Change Dir: /home/diagoras/root_cern/root/builddir/interpreter/cling/tools/plugins/clad/clad-prefix/src/clad-build/CMakeFiles/CMakeTmp

Run Build Command(s):/usr/bin/make cmTC_1a38d/fast && make[3]: Entering directory '/home/diagoras/root_cern/root/builddir/interpreter/cling/tools/plugins/clad/clad-prefix/src/clad-build/CMakeFiles/CMakeTmp'
/usr/bin/make -f CMakeFiles/cmTC_1a38d.dir/build.make CMakeFiles/cmTC_1a38d.dir/build
make[4]: Entering directory '/home/diagoras/root_cern/root/builddir/interpreter/cling/tools/plugins/clad/clad-prefix/src/clad-build/CMakeFiles/CMakeTmp'
Building C object CMakeFiles/cmTC_1a38d.dir/src.c.o
/usr/bin/cc   -Wno-implicit-fallthrough -pipe -Wall -W -pthread -fPIC -fPIC -Werror=date-time -w -ffunction-sections -DC_SUPPORTS_FDATA_SECTIONS   -Werror -fdata-sections -o CMakeFiles/cmTC_1a38d.dir/src.c.o   -c /home/diagoras/root_cern/root/builddir/interpreter/cling/tools/plugins/clad/clad-prefix/src/clad-build/CMakeFiles/CMakeTmp/src.c
Linking C executable cmTC_1a38d
/usr/bin/cmake -E cmake_link_script CMakeFiles/cmTC_1a38d.dir/link.txt --verbose=1
/usr/bin/cc  -Wno-implicit-fallthrough -pipe -Wall -W -pthread -fPIC -fPIC -Werror=date-time -w -ffunction-sections -DC_SUPPORTS_FDATA_SECTIONS    CMakeFiles/cmTC_1a38d.dir/src.c.o  -o cmTC_1a38d 
make[4]: Leaving directory '/home/diagoras/root_cern/root/builddir/interpreter/cling/tools/plugins/clad/clad-prefix/src/clad-build/CMakeFiles/CMakeTmp'
make[3]: Leaving directory '/home/diagoras/root_cern/root/builddir/interpreter/cling/tools/plugins/clad/clad-prefix/src/clad-build/CMakeFiles/CMakeTmp'


Source file was:
int main(void) { return 0; }
Performing C++ SOURCE FILE Test CXX_SUPPORTS_FDATA_SECTIONS succeeded with the following output:
Change Dir: /home/diagoras/root_cern/root/builddir/interpreter/cling/tools/plugins/clad/clad-prefix/src/clad-build/CMakeFiles/CMakeTmp

Run Build Command(s):/usr/bin/make cmTC_0fc02/fast && make[3]: Entering directory '/home/diagoras/root_cern/root/builddir/interpreter/cling/tools/plugins/clad/clad-prefix/src/clad-build/CMakeFiles/CMakeTmp'
/usr/bin/make -f CMakeFiles/cmTC_0fc02.dir/build.make CMakeFiles/cmTC_0fc02.dir/build
make[4]: Entering directory '/home/diagoras/root_cern/root/builddir/interpreter/cling/tools/plugins/clad/clad-prefix/src/clad-build/CMakeFiles/CMakeTmp'
Building CXX object CMakeFiles/cmTC_0fc02.dir/src.cxx.o
/usr/bin/c++    -std=c++14 -Wno-implicit-fallthrough -Wno-noexcept-type -pipe  -Wshadow -Wall -W -Woverloaded-virtual -fsigned-char -pthread   -D_GNU_SOURCE -D__STDC_CONSTANT_MACROS -D__STDC_FORMAT_MACROS -D__STDC_LIMIT_MACROS  -fno-strict-aliasing -Wwrite-strings -Wno-shadow -Wno-unused-parameter -Wno-deprecated-declarations -fPIC -fno-rtti -fPIC -fvisibility-inlines-hidden -Werror=date-time -std=c++11 -w -ffunction-sections -DCXX_SUPPORTS_FDATA_SECTIONS   -Werror -fdata-sections -o CMakeFiles/cmTC_0fc02.dir/src.cxx.o -c /home/diagoras/root_cern/root/builddir/interpreter/cling/tools/plugins/clad/clad-prefix/src/clad-build/CMakeFiles/CMakeTmp/src.cxx
Linking CXX executable cmTC_0fc02
/usr/bin/cmake -E cmake_link_script CMakeFiles/cmTC_0fc02.dir/link.txt --verbose=1
/usr/bin/c++   -std=c++14 -Wno-implicit-fallthrough -Wno-noexcept-type -pipe  -Wshadow -Wall -W -Woverloaded-virtual -fsigned-char -pthread   -D_GNU_SOURCE -D__STDC_CONSTANT_MACROS -D__STDC_FORMAT_MACROS -D__STDC_LIMIT_MACROS  -fno-strict-aliasing -Wwrite-strings -Wno-shadow -Wno-unused-parameter -Wno-deprecated-declarations -fPIC -fno-rtti -fPIC -fvisibility-inlines-hidden -Werror=date-time -std=c++11 -w -ffunction-sections -DCXX_SUPPORTS_FDATA_SECTIONS    CMakeFiles/cmTC_0fc02.dir/src.cxx.o  -o cmTC_0fc02 
make[4]: Leaving directory '/home/diagoras/root_cern/root/builddir/interpreter/cling/tools/plugins/clad/clad-prefix/src/clad-build/CMakeFiles/CMakeTmp'
make[3]: Leaving directory '/home/diagoras/root_cern/root/builddir/interpreter/cling/tools/plugins/clad/clad-prefix/src/clad-build/CMakeFiles/CMakeTmp'


Source file was:
int main() { return 0; }
